0 verbose cli /Users/dimakulikov/Library/Application Support/Herd/config/nvm/versions/node/v18.20.0/bin/node /Users/dimakulikov/Library/Application Support/Herd/config/nvm/versions/node/v18.20.0/bin/npm
1 info using npm@10.5.0
2 info using node@v18.20.0
3 timing npm:load:whichnode Completed in 1ms
4 timing config:load:defaults Completed in 1ms
5 timing config:load:file:/Users/dimakulikov/Library/Application Support/Herd/config/nvm/versions/node/v18.20.0/lib/node_modules/npm/npmrc Completed in 0ms
6 timing config:load:builtin Completed in 0ms
7 timing config:load:cli Completed in 2ms
8 timing config:load:env Completed in 0ms
9 timing config:load:file:/Users/dimakulikov/Desktop/Askcal/.npmrc Completed in 0ms
10 timing config:load:project Completed in 2ms
11 timing config:load:file:/Users/dimakulikov/.npmrc Completed in 1ms
12 timing config:load:user Completed in 1ms
13 timing config:load:file:/Users/dimakulikov/.npm-global/etc/npmrc Completed in 0ms
14 timing config:load:global Completed in 0ms
15 timing config:load:setEnvs Completed in 1ms
16 timing config:load Completed in 7ms
17 timing npm:load:configload Completed in 7ms
18 timing config:load:flatten Completed in 1ms
19 timing npm:load:mkdirpcache Completed in 0ms
20 timing npm:load:mkdirplogs Completed in 0ms
21 verbose title npm install tailwindcss-animate
22 verbose argv "install" "tailwindcss-animate" "--save-dev" "--cache" ".npm-cache" "--no-audit" "--no-fund"
23 timing npm:load:setTitle Completed in 1ms
24 timing npm:load:display Completed in 0ms
25 verbose logfile logs-max:10 dir:/Users/dimakulikov/Desktop/Askcal/.npm-cache/_logs/2025-10-31T10_46_48_767Z-
26 verbose logfile /Users/dimakulikov/Desktop/Askcal/.npm-cache/_logs/2025-10-31T10_46_48_767Z-debug-0.log
27 timing npm:load:logFile Completed in 5ms
28 timing npm:load:timers Completed in 0ms
29 timing npm:load:configScope Completed in 0ms
30 timing npm:load Completed in 21ms
31 timing arborist:ctor Completed in 1ms
32 silly logfile start cleaning logs, removing 1 files
33 silly logfile done cleaning log files
34 timing idealTree:init Completed in 142ms
35 timing idealTree:userRequests Completed in 1ms
36 silly idealTree buildDeps
37 silly fetch manifest tailwindcss-animate@*
38 timing arborist:ctor Completed in 0ms
39 http fetch GET 200 https://registry.npmjs.org/tailwindcss-animate 225ms (cache miss)
40 silly fetch manifest tailwindcss@3.4.14
41 http fetch GET 200 https://registry.npmjs.org/tailwindcss 209ms (cache miss)
42 silly placeDep ROOT tailwindcss-animate@1.0.7 OK for:  want: *
43 timing idealTree:#root Completed in 481ms
44 timing idealTree:node_modules/tailwindcss-animate Completed in 0ms
45 timing idealTree:buildDeps Completed in 481ms
46 timing idealTree:fixDepFlags Completed in 5ms
47 timing idealTree Completed in 638ms
48 timing reify:loadTrees Completed in 640ms
49 timing reify:diffTrees Completed in 8ms
50 silly reify moves {}
51 timing reify:retireShallow Completed in 1ms
52 timing reify:createSparse Completed in 16ms
53 timing reify:loadBundles Completed in 0ms
54 verbose reify failed optional dependency /Users/dimakulikov/Desktop/Askcal/node_modules/@next/swc-win32-x64-msvc
55 silly reify mark deleted [
55 silly reify   '/Users/dimakulikov/Desktop/Askcal/node_modules/@next/swc-win32-x64-msvc'
55 silly reify ]
56 verbose reify failed optional dependency /Users/dimakulikov/Desktop/Askcal/node_modules/@next/swc-win32-ia32-msvc
57 silly reify mark deleted [
57 silly reify   '/Users/dimakulikov/Desktop/Askcal/node_modules/@next/swc-win32-ia32-msvc'
57 silly reify ]
58 verbose reify failed optional dependency /Users/dimakulikov/Desktop/Askcal/node_modules/@next/swc-win32-arm64-msvc
59 silly reify mark deleted [
59 silly reify   '/Users/dimakulikov/Desktop/Askcal/node_modules/@next/swc-win32-arm64-msvc'
59 silly reify ]
60 verbose reify failed optional dependency /Users/dimakulikov/Desktop/Askcal/node_modules/@next/swc-linux-x64-musl
61 silly reify mark deleted [
61 silly reify   '/Users/dimakulikov/Desktop/Askcal/node_modules/@next/swc-linux-x64-musl'
61 silly reify ]
62 verbose reify failed optional dependency /Users/dimakulikov/Desktop/Askcal/node_modules/@next/swc-linux-x64-gnu
63 silly reify mark deleted [
63 silly reify   '/Users/dimakulikov/Desktop/Askcal/node_modules/@next/swc-linux-x64-gnu'
63 silly reify ]
64 verbose reify failed optional dependency /Users/dimakulikov/Desktop/Askcal/node_modules/@next/swc-linux-arm64-musl
65 silly reify mark deleted [
65 silly reify   '/Users/dimakulikov/Desktop/Askcal/node_modules/@next/swc-linux-arm64-musl'
65 silly reify ]
66 verbose reify failed optional dependency /Users/dimakulikov/Desktop/Askcal/node_modules/@next/swc-linux-arm64-gnu
67 silly reify mark deleted [
67 silly reify   '/Users/dimakulikov/Desktop/Askcal/node_modules/@next/swc-linux-arm64-gnu'
67 silly reify ]
68 verbose reify failed optional dependency /Users/dimakulikov/Desktop/Askcal/node_modules/@next/swc-darwin-x64
69 silly reify mark deleted [
69 silly reify   '/Users/dimakulikov/Desktop/Askcal/node_modules/@next/swc-darwin-x64'
69 silly reify ]
70 timing reifyNode:node_modules/@next/swc-win32-x64-msvc Completed in 20ms
71 timing reifyNode:node_modules/@next/swc-win32-ia32-msvc Completed in 20ms
72 timing reifyNode:node_modules/@next/swc-win32-arm64-msvc Completed in 20ms
73 timing reifyNode:node_modules/@next/swc-linux-x64-musl Completed in 19ms
74 timing reifyNode:node_modules/@next/swc-linux-x64-gnu Completed in 19ms
75 timing reifyNode:node_modules/@next/swc-linux-arm64-musl Completed in 17ms
76 timing reifyNode:node_modules/@next/swc-linux-arm64-gnu Completed in 17ms
77 timing reifyNode:node_modules/@next/swc-darwin-x64 Completed in 17ms
78 silly tarball no local data for tailwindcss-animate@https://registry.npmjs.org/tailwindcss-animate/-/tailwindcss-animate-1.0.7.tgz. Extracting by manifest.
79 http fetch GET 200 https://registry.npmjs.org/tailwindcss-animate/-/tailwindcss-animate-1.0.7.tgz 48ms (cache miss)
80 timing reifyNode:node_modules/tailwindcss-animate Completed in 137ms
81 timing reify:unpack Completed in 137ms
82 timing reify:unretire Completed in 0ms
83 timing build:queue Completed in 0ms
84 timing build:deps Completed in 0ms
85 timing build Completed in 0ms
86 timing reify:build Completed in 0ms
87 timing reify:trash Completed in 1ms
88 timing reify:save Completed in 316ms
89 timing reify Completed in 1212ms
90 silly ADD node_modules/tailwindcss-animate
91 silly ADD
92 silly ADD
93 silly ADD
94 silly ADD
95 silly ADD
96 silly ADD
97 silly ADD
98 silly ADD
99 timing command:install Completed in 1214ms
100 verbose exit 0
101 timing npm Completed in 1383ms
102 info ok
