0 verbose cli /Users/dimakulikov/Library/Application Support/Herd/config/nvm/versions/node/v18.20.0/bin/node /Users/dimakulikov/Library/Application Support/Herd/config/nvm/versions/node/v18.20.0/bin/npm
1 info using npm@10.5.0
2 info using node@v18.20.0
3 timing npm:load:whichnode Completed in 1ms
4 timing config:load:defaults Completed in 1ms
5 timing config:load:file:/Users/dimakulikov/Library/Application Support/Herd/config/nvm/versions/node/v18.20.0/lib/node_modules/npm/npmrc Completed in 0ms
6 timing config:load:builtin Completed in 0ms
7 timing config:load:cli Completed in 2ms
8 timing config:load:env Completed in 0ms
9 timing config:load:file:/Users/dimakulikov/Desktop/Askcal/.npmrc Completed in 0ms
10 timing config:load:project Completed in 2ms
11 timing config:load:file:/Users/dimakulikov/.npmrc Completed in 1ms
12 timing config:load:user Completed in 1ms
13 timing config:load:file:/Users/dimakulikov/.npm-global/etc/npmrc Completed in 0ms
14 timing config:load:global Completed in 0ms
15 timing config:load:setEnvs Completed in 0ms
16 timing config:load Completed in 6ms
17 timing npm:load:configload Completed in 6ms
18 timing config:load:flatten Completed in 1ms
19 timing npm:load:mkdirpcache Completed in 0ms
20 timing npm:load:mkdirplogs Completed in 0ms
21 verbose title npm install class-variance-authority @radix-ui/react-slot
22 verbose argv "install" "class-variance-authority" "@radix-ui/react-slot" "--save" "--cache" ".npm-cache" "--no-audit" "--no-fund"
23 timing npm:load:setTitle Completed in 0ms
24 timing npm:load:display Completed in 1ms
25 verbose logfile logs-max:10 dir:/Users/dimakulikov/Desktop/Askcal/.npm-cache/_logs/2025-10-31T10_11_49_580Z-
26 verbose logfile /Users/dimakulikov/Desktop/Askcal/.npm-cache/_logs/2025-10-31T10_11_49_580Z-debug-0.log
27 timing npm:load:logFile Completed in 4ms
28 timing npm:load:timers Completed in 0ms
29 timing npm:load:configScope Completed in 0ms
30 timing npm:load Completed in 19ms
31 timing arborist:ctor Completed in 1ms
32 silly logfile done cleaning log files
33 timing idealTree:init Completed in 84ms
34 timing idealTree:userRequests Completed in 1ms
35 silly idealTree buildDeps
36 silly fetch manifest class-variance-authority@*
37 timing arborist:ctor Completed in 0ms
38 http fetch GET 200 https://registry.npmjs.org/class-variance-authority 210ms (cache miss)
39 silly fetch manifest @radix-ui/react-slot@*
40 http fetch GET 200 https://registry.npmjs.org/@radix-ui%2freact-slot 673ms (cache miss)
41 silly fetch manifest @types/react@18.3.11
42 http fetch GET 200 https://registry.npmjs.org/@types%2freact 118ms (cache miss)
43 silly fetch manifest react@18.3.1
44 http fetch GET 200 https://registry.npmjs.org/react 12ms (cache hit)
45 silly placeDep ROOT @radix-ui/react-slot@1.2.3 OK for:  want: *
46 silly placeDep ROOT class-variance-authority@0.7.1 OK for:  want: *
47 silly fetch manifest @radix-ui/react-compose-refs@1.1.2
48 http fetch GET 200 https://registry.npmjs.org/@radix-ui%2freact-compose-refs 295ms (cache miss)
49 timing idealTree:#root Completed in 1379ms
50 silly fetch manifest @types/react@*
51 silly fetch manifest react@^16.8 || ^17.0 || ^18.0 || ^19.0 || ^19.0.0-rc
52 silly placeDep ROOT @radix-ui/react-compose-refs@1.1.2 OK for: @radix-ui/react-slot@1.2.3 want: 1.1.2
53 timing idealTree:node_modules/@radix-ui/react-slot Completed in 5ms
54 timing idealTree:node_modules/@radix-ui/react-compose-refs Completed in 0ms
55 timing idealTree:node_modules/class-variance-authority Completed in 0ms
56 timing idealTree:buildDeps Completed in 1385ms
57 timing idealTree:fixDepFlags Completed in 2ms
58 timing idealTree Completed in 1475ms
59 timing reify:loadTrees Completed in 1476ms
60 timing reify:diffTrees Completed in 3ms
61 silly reify moves {}
62 timing reify:retireShallow Completed in 1ms
63 timing reify:createSparse Completed in 1ms
64 timing reify:loadBundles Completed in 0ms
65 verbose reify failed optional dependency /Users/dimakulikov/Desktop/Askcal/node_modules/@next/swc-win32-x64-msvc
66 silly reify mark deleted [
66 silly reify   '/Users/dimakulikov/Desktop/Askcal/node_modules/@next/swc-win32-x64-msvc'
66 silly reify ]
67 verbose reify failed optional dependency /Users/dimakulikov/Desktop/Askcal/node_modules/@next/swc-win32-ia32-msvc
68 silly reify mark deleted [
68 silly reify   '/Users/dimakulikov/Desktop/Askcal/node_modules/@next/swc-win32-ia32-msvc'
68 silly reify ]
69 verbose reify failed optional dependency /Users/dimakulikov/Desktop/Askcal/node_modules/@next/swc-win32-arm64-msvc
70 silly reify mark deleted [
70 silly reify   '/Users/dimakulikov/Desktop/Askcal/node_modules/@next/swc-win32-arm64-msvc'
70 silly reify ]
71 verbose reify failed optional dependency /Users/dimakulikov/Desktop/Askcal/node_modules/@next/swc-linux-x64-musl
72 silly reify mark deleted [
72 silly reify   '/Users/dimakulikov/Desktop/Askcal/node_modules/@next/swc-linux-x64-musl'
72 silly reify ]
73 verbose reify failed optional dependency /Users/dimakulikov/Desktop/Askcal/node_modules/@next/swc-linux-x64-gnu
74 silly reify mark deleted [
74 silly reify   '/Users/dimakulikov/Desktop/Askcal/node_modules/@next/swc-linux-x64-gnu'
74 silly reify ]
75 verbose reify failed optional dependency /Users/dimakulikov/Desktop/Askcal/node_modules/@next/swc-linux-arm64-musl
76 silly reify mark deleted [
76 silly reify   '/Users/dimakulikov/Desktop/Askcal/node_modules/@next/swc-linux-arm64-musl'
76 silly reify ]
77 verbose reify failed optional dependency /Users/dimakulikov/Desktop/Askcal/node_modules/@next/swc-linux-arm64-gnu
78 silly reify mark deleted [
78 silly reify   '/Users/dimakulikov/Desktop/Askcal/node_modules/@next/swc-linux-arm64-gnu'
78 silly reify ]
79 verbose reify failed optional dependency /Users/dimakulikov/Desktop/Askcal/node_modules/@next/swc-darwin-x64
80 silly reify mark deleted [
80 silly reify   '/Users/dimakulikov/Desktop/Askcal/node_modules/@next/swc-darwin-x64'
80 silly reify ]
81 timing reifyNode:node_modules/@next/swc-win32-x64-msvc Completed in 3ms
82 timing reifyNode:node_modules/@next/swc-win32-ia32-msvc Completed in 3ms
83 timing reifyNode:node_modules/@next/swc-win32-arm64-msvc Completed in 3ms
84 timing reifyNode:node_modules/@next/swc-linux-x64-musl Completed in 3ms
85 timing reifyNode:node_modules/@next/swc-linux-x64-gnu Completed in 3ms
86 timing reifyNode:node_modules/@next/swc-linux-arm64-musl Completed in 3ms
87 timing reifyNode:node_modules/@next/swc-linux-arm64-gnu Completed in 3ms
88 timing reifyNode:node_modules/@next/swc-darwin-x64 Completed in 3ms
89 silly tarball no local data for @radix-ui/react-compose-refs@https://registry.npmjs.org/@radix-ui/react-compose-refs/-/react-compose-refs-1.1.2.tgz. Extracting by manifest.
90 silly tarball no local data for @radix-ui/react-slot@https://registry.npmjs.org/@radix-ui/react-slot/-/react-slot-1.2.3.tgz. Extracting by manifest.
91 silly tarball no local data for class-variance-authority@https://registry.npmjs.org/class-variance-authority/-/class-variance-authority-0.7.1.tgz. Extracting by manifest.
92 http fetch GET 200 https://registry.npmjs.org/class-variance-authority/-/class-variance-authority-0.7.1.tgz 76ms (cache miss)
93 timing reifyNode:node_modules/class-variance-authority Completed in 82ms
94 http fetch GET 200 https://registry.npmjs.org/@radix-ui/react-compose-refs/-/react-compose-refs-1.1.2.tgz 105ms (cache miss)
95 timing reifyNode:node_modules/@radix-ui/react-compose-refs Completed in 111ms
96 http fetch GET 200 https://registry.npmjs.org/@radix-ui/react-slot/-/react-slot-1.2.3.tgz 155ms (cache miss)
97 timing reifyNode:node_modules/@radix-ui/react-slot Completed in 160ms
98 timing reify:unpack Completed in 161ms
99 timing reify:unretire Completed in 0ms
100 timing build:queue Completed in 1ms
101 timing build:deps Completed in 1ms
102 timing build Completed in 1ms
103 timing reify:build Completed in 1ms
104 timing reify:trash Completed in 1ms
105 timing reify:save Completed in 49ms
106 timing reify Completed in 1729ms
107 silly ADD node_modules/@radix-ui/react-compose-refs
108 silly ADD node_modules/class-variance-authority
109 silly ADD node_modules/@radix-ui/react-slot
110 silly ADD
111 silly ADD
112 silly ADD
113 silly ADD
114 silly ADD
115 silly ADD
116 silly ADD
117 silly ADD
118 timing command:install Completed in 1732ms
119 verbose exit 0
120 timing npm Completed in 1901ms
121 info ok
