0 verbose cli /Users/dimakulikov/Library/Application Support/Herd/config/nvm/versions/node/v18.20.0/bin/node /Users/dimakulikov/Library/Application Support/Herd/config/nvm/versions/node/v18.20.0/bin/npm
1 info using npm@10.5.0
2 info using node@v18.20.0
3 timing npm:load:whichnode Completed in 0ms
4 timing config:load:defaults Completed in 0ms
5 timing config:load:file:/Users/dimakulikov/Library/Application Support/Herd/config/nvm/versions/node/v18.20.0/lib/node_modules/npm/npmrc Completed in 0ms
6 timing config:load:builtin Completed in 1ms
7 timing config:load:cli Completed in 1ms
8 timing config:load:env Completed in 1ms
9 timing config:load:file:/Users/dimakulikov/Desktop/Askcal/.npmrc Completed in 0ms
10 timing config:load:project Completed in 1ms
11 timing config:load:file:/Users/dimakulikov/.npmrc Completed in 1ms
12 timing config:load:user Completed in 1ms
13 timing config:load:file:/Users/dimakulikov/.npm-global/etc/npmrc Completed in 0ms
14 timing config:load:global Completed in 0ms
15 timing config:load:setEnvs Completed in 1ms
16 timing config:load Completed in 6ms
17 timing npm:load:configload Completed in 6ms
18 timing config:load:flatten Completed in 1ms
19 timing npm:load:mkdirpcache Completed in 0ms
20 timing npm:load:mkdirplogs Completed in 0ms
21 verbose title npm install lucide-react
22 verbose argv "install" "lucide-react" "--save" "--cache" ".npm-cache" "--no-audit" "--no-fund"
23 timing npm:load:setTitle Completed in 1ms
24 timing npm:load:display Completed in 0ms
25 verbose logfile logs-max:10 dir:/Users/dimakulikov/Desktop/Askcal/.npm-cache/_logs/2025-10-31T10_09_19_446Z-
26 verbose logfile /Users/dimakulikov/Desktop/Askcal/.npm-cache/_logs/2025-10-31T10_09_19_446Z-debug-0.log
27 timing npm:load:logFile Completed in 4ms
28 timing npm:load:timers Completed in 0ms
29 timing npm:load:configScope Completed in 0ms
30 timing npm:load Completed in 18ms
31 timing arborist:ctor Completed in 0ms
32 silly logfile done cleaning log files
33 timing idealTree:init Completed in 45ms
34 timing idealTree:userRequests Completed in 0ms
35 silly idealTree buildDeps
36 silly fetch manifest lucide-react@*
37 timing arborist:ctor Completed in 0ms
38 http fetch GET 200 https://registry.npmjs.org/lucide-react 260ms (cache miss)
39 silly fetch manifest react@18.3.1
40 http fetch GET 200 https://registry.npmjs.org/react 554ms (cache miss)
41 silly placeDep ROOT lucide-react@0.552.0 OK for:  want: *
42 timing idealTree:#root Completed in 861ms
43 timing idealTree:node_modules/lucide-react Completed in 0ms
44 timing idealTree:buildDeps Completed in 861ms
45 timing idealTree:fixDepFlags Completed in 7ms
46 timing idealTree Completed in 917ms
47 timing reify:loadTrees Completed in 917ms
48 timing reify:diffTrees Completed in 3ms
49 silly reify moves {}
50 timing reify:retireShallow Completed in 1ms
51 timing reify:createSparse Completed in 3ms
52 timing reify:loadBundles Completed in 0ms
53 verbose reify failed optional dependency /Users/dimakulikov/Desktop/Askcal/node_modules/@next/swc-win32-x64-msvc
54 silly reify mark deleted [
54 silly reify   '/Users/dimakulikov/Desktop/Askcal/node_modules/@next/swc-win32-x64-msvc'
54 silly reify ]
55 verbose reify failed optional dependency /Users/dimakulikov/Desktop/Askcal/node_modules/@next/swc-win32-ia32-msvc
56 silly reify mark deleted [
56 silly reify   '/Users/dimakulikov/Desktop/Askcal/node_modules/@next/swc-win32-ia32-msvc'
56 silly reify ]
57 verbose reify failed optional dependency /Users/dimakulikov/Desktop/Askcal/node_modules/@next/swc-win32-arm64-msvc
58 silly reify mark deleted [
58 silly reify   '/Users/dimakulikov/Desktop/Askcal/node_modules/@next/swc-win32-arm64-msvc'
58 silly reify ]
59 verbose reify failed optional dependency /Users/dimakulikov/Desktop/Askcal/node_modules/@next/swc-linux-x64-musl
60 silly reify mark deleted [
60 silly reify   '/Users/dimakulikov/Desktop/Askcal/node_modules/@next/swc-linux-x64-musl'
60 silly reify ]
61 verbose reify failed optional dependency /Users/dimakulikov/Desktop/Askcal/node_modules/@next/swc-linux-x64-gnu
62 silly reify mark deleted [
62 silly reify   '/Users/dimakulikov/Desktop/Askcal/node_modules/@next/swc-linux-x64-gnu'
62 silly reify ]
63 verbose reify failed optional dependency /Users/dimakulikov/Desktop/Askcal/node_modules/@next/swc-linux-arm64-musl
64 silly reify mark deleted [
64 silly reify   '/Users/dimakulikov/Desktop/Askcal/node_modules/@next/swc-linux-arm64-musl'
64 silly reify ]
65 verbose reify failed optional dependency /Users/dimakulikov/Desktop/Askcal/node_modules/@next/swc-linux-arm64-gnu
66 silly reify mark deleted [
66 silly reify   '/Users/dimakulikov/Desktop/Askcal/node_modules/@next/swc-linux-arm64-gnu'
66 silly reify ]
67 verbose reify failed optional dependency /Users/dimakulikov/Desktop/Askcal/node_modules/@next/swc-darwin-x64
68 silly reify mark deleted [
68 silly reify   '/Users/dimakulikov/Desktop/Askcal/node_modules/@next/swc-darwin-x64'
68 silly reify ]
69 timing reifyNode:node_modules/@next/swc-win32-x64-msvc Completed in 2ms
70 timing reifyNode:node_modules/@next/swc-win32-ia32-msvc Completed in 2ms
71 timing reifyNode:node_modules/@next/swc-win32-arm64-msvc Completed in 2ms
72 timing reifyNode:node_modules/@next/swc-linux-x64-musl Completed in 2ms
73 timing reifyNode:node_modules/@next/swc-linux-x64-gnu Completed in 2ms
74 timing reifyNode:node_modules/@next/swc-linux-arm64-musl Completed in 2ms
75 timing reifyNode:node_modules/@next/swc-linux-arm64-gnu Completed in 2ms
76 timing reifyNode:node_modules/@next/swc-darwin-x64 Completed in 2ms
77 silly tarball no local data for lucide-react@https://registry.npmjs.org/lucide-react/-/lucide-react-0.552.0.tgz. Extracting by manifest.
78 http fetch GET 200 https://registry.npmjs.org/lucide-react/-/lucide-react-0.552.0.tgz 1019ms (cache miss)
79 timing reifyNode:node_modules/lucide-react Completed in 1022ms
80 timing reify:unpack Completed in 1022ms
81 timing reify:unretire Completed in 0ms
82 timing build:queue Completed in 0ms
83 timing build:deps Completed in 0ms
84 timing build Completed in 0ms
85 timing reify:build Completed in 1ms
86 timing reify:trash Completed in 1ms
87 timing reify:save Completed in 42ms
88 timing reify Completed in 2020ms
89 silly ADD node_modules/lucide-react
90 silly ADD
91 silly ADD
92 silly ADD
93 silly ADD
94 silly ADD
95 silly ADD
96 silly ADD
97 silly ADD
98 timing command:install Completed in 2022ms
99 verbose exit 0
100 timing npm Completed in 2169ms
101 info ok
