0 verbose cli /Users/dimakulikov/Library/Application Support/Herd/config/nvm/versions/node/v18.20.0/bin/node /Users/dimakulikov/Library/Application Support/Herd/config/nvm/versions/node/v18.20.0/bin/npm
1 info using npm@10.5.0
2 info using node@v18.20.0
3 timing npm:load:whichnode Completed in 1ms
4 timing config:load:defaults Completed in 0ms
5 timing config:load:file:/Users/dimakulikov/Library/Application Support/Herd/config/nvm/versions/node/v18.20.0/lib/node_modules/npm/npmrc Completed in 1ms
6 timing config:load:builtin Completed in 1ms
7 timing config:load:cli Completed in 1ms
8 timing config:load:env Completed in 1ms
9 timing config:load:file:/Users/dimakulikov/Desktop/Askcal/.npmrc Completed in 0ms
10 timing config:load:project Completed in 1ms
11 timing config:load:file:/Users/dimakulikov/.npmrc Completed in 1ms
12 timing config:load:user Completed in 1ms
13 timing config:load:file:/Users/dimakulikov/.npm-global/etc/npmrc Completed in 0ms
14 timing config:load:global Completed in 0ms
15 timing config:load:setEnvs Completed in 1ms
16 timing config:load Completed in 6ms
17 timing npm:load:configload Completed in 6ms
18 timing config:load:flatten Completed in 1ms
19 timing npm:load:mkdirpcache Completed in 0ms
20 timing npm:load:mkdirplogs Completed in 0ms
21 verbose title npm install tailwind-merge @radix-ui/react-label @radix-ui/react-switch @radix-ui/react-tabs
22 verbose argv "install" "tailwind-merge" "@radix-ui/react-label" "@radix-ui/react-switch" "@radix-ui/react-tabs" "--save" "--cache" ".npm-cache" "--no-audit" "--no-fund"
23 timing npm:load:setTitle Completed in 0ms
24 timing npm:load:display Completed in 1ms
25 verbose logfile logs-max:10 dir:/Users/dimakulikov/Desktop/Askcal/.npm-cache/_logs/2025-10-31T10_12_36_616Z-
26 verbose logfile /Users/dimakulikov/Desktop/Askcal/.npm-cache/_logs/2025-10-31T10_12_36_616Z-debug-0.log
27 timing npm:load:logFile Completed in 4ms
28 timing npm:load:timers Completed in 0ms
29 timing npm:load:configScope Completed in 0ms
30 timing npm:load Completed in 19ms
31 timing arborist:ctor Completed in 0ms
32 silly logfile done cleaning log files
33 timing idealTree:init Completed in 48ms
34 timing idealTree:userRequests Completed in 0ms
35 silly idealTree buildDeps
36 silly fetch manifest tailwind-merge@*
37 timing arborist:ctor Completed in 0ms
38 http fetch GET 200 https://registry.npmjs.org/tailwind-merge 290ms (cache miss)
39 silly fetch manifest @radix-ui/react-label@*
40 http fetch GET 200 https://registry.npmjs.org/@radix-ui%2freact-label 308ms (cache miss)
41 silly fetch manifest @types/react@18.3.11
42 http fetch GET 200 https://registry.npmjs.org/@types%2freact 10ms (cache hit)
43 silly fetch manifest @types/react-dom@*
44 http fetch GET 200 https://registry.npmjs.org/@types%2freact-dom 100ms (cache miss)
45 silly fetch manifest @types/react@^19.2.0
46 silly fetch manifest react@18.3.1
47 http fetch GET 200 https://registry.npmjs.org/react 10ms (cache hit)
48 silly fetch manifest react-dom@18.3.1
49 http fetch GET 200 https://registry.npmjs.org/react-dom 11ms (cache hit)
50 silly fetch manifest @radix-ui/react-switch@*
51 http fetch GET 200 https://registry.npmjs.org/@radix-ui%2freact-switch 413ms (cache miss)
52 silly fetch manifest @radix-ui/react-tabs@*
53 http fetch GET 200 https://registry.npmjs.org/@radix-ui%2freact-tabs 293ms (cache miss)
54 silly placeDep ROOT @radix-ui/react-label@2.1.7 OK for:  want: *
55 silly placeDep ROOT @radix-ui/react-switch@1.2.6 OK for:  want: *
56 silly placeDep ROOT @radix-ui/react-tabs@1.1.13 OK for:  want: *
57 silly placeDep ROOT tailwind-merge@3.3.1 OK for:  want: *
58 silly fetch manifest @radix-ui/react-primitive@2.1.3
59 silly fetch manifest @radix-ui/primitive@1.1.3
60 silly fetch manifest @radix-ui/react-context@1.1.2
61 silly fetch manifest @radix-ui/react-use-size@1.1.1
62 silly fetch manifest @radix-ui/react-use-previous@1.1.1
63 silly fetch manifest @radix-ui/react-use-controllable-state@1.2.2
64 http fetch GET 200 https://registry.npmjs.org/@radix-ui%2freact-primitive 309ms (cache miss)
65 silly fetch manifest @radix-ui/react-id@1.1.1
66 http fetch GET 200 https://registry.npmjs.org/@radix-ui%2freact-use-controllable-state 331ms (cache miss)
67 http fetch GET 200 https://registry.npmjs.org/@radix-ui%2freact-use-previous 347ms (cache miss)
68 silly fetch manifest @radix-ui/react-presence@1.1.5
69 http fetch GET 200 https://registry.npmjs.org/@radix-ui%2freact-context 355ms (cache miss)
70 silly fetch manifest @radix-ui/react-direction@1.1.1
71 silly fetch manifest @radix-ui/react-roving-focus@1.1.11
72 http fetch GET 200 https://registry.npmjs.org/@radix-ui%2freact-use-size 357ms (cache miss)
73 http fetch GET 200 https://registry.npmjs.org/@radix-ui%2fprimitive 360ms (cache miss)
74 http fetch GET 200 https://registry.npmjs.org/@radix-ui%2freact-id 291ms (cache miss)
75 http fetch GET 200 https://registry.npmjs.org/@radix-ui%2freact-roving-focus 259ms (cache miss)
76 http fetch GET 200 https://registry.npmjs.org/@radix-ui%2freact-presence 292ms (cache miss)
77 http fetch GET 200 https://registry.npmjs.org/@radix-ui%2freact-direction 299ms (cache miss)
78 timing idealTree:#root Completed in 2219ms
79 silly fetch manifest @types/react@*
80 silly fetch manifest react@^16.8 || ^17.0 || ^18.0 || ^19.0 || ^19.0.0-rc
81 silly fetch manifest react-dom@^16.8 || ^17.0 || ^18.0 || ^19.0 || ^19.0.0-rc
82 silly placeDep node_modules/@radix-ui/react-label @radix-ui/react-primitive@2.1.3 CONFLICT for: @radix-ui/react-label@2.1.7 want: 2.1.3
83 timing idealTree:node_modules/@radix-ui/react-label Completed in 8ms
84 silly placeDep ROOT @radix-ui/primitive@1.1.3 OK for: @radix-ui/react-switch@1.2.6 want: 1.1.3
85 silly placeDep ROOT @radix-ui/react-context@1.1.2 OK for: @radix-ui/react-switch@1.2.6 want: 1.1.2
86 silly placeDep node_modules/@radix-ui/react-switch @radix-ui/react-primitive@2.1.3 CONFLICT for: @radix-ui/react-switch@1.2.6 want: 2.1.3
87 silly placeDep ROOT @radix-ui/react-use-controllable-state@1.2.2 OK for: @radix-ui/react-switch@1.2.6 want: 1.2.2
88 silly placeDep ROOT @radix-ui/react-use-previous@1.1.1 OK for: @radix-ui/react-switch@1.2.6 want: 1.1.1
89 silly placeDep ROOT @radix-ui/react-use-size@1.1.1 OK for: @radix-ui/react-switch@1.2.6 want: 1.1.1
90 silly fetch manifest @radix-ui/react-use-effect-event@0.0.2
91 silly fetch manifest @radix-ui/react-use-layout-effect@1.1.1
92 http fetch GET 200 https://registry.npmjs.org/@radix-ui%2freact-use-layout-effect 292ms (cache miss)
93 http fetch GET 200 https://registry.npmjs.org/@radix-ui%2freact-use-effect-event 294ms (cache miss)
94 timing idealTree:node_modules/@radix-ui/react-switch Completed in 320ms
95 timing idealTree:node_modules/@radix-ui/primitive Completed in 0ms
96 timing idealTree:node_modules/@radix-ui/react-context Completed in 0ms
97 silly placeDep ROOT @radix-ui/react-direction@1.1.1 OK for: @radix-ui/react-tabs@1.1.13 want: 1.1.1
98 silly placeDep ROOT @radix-ui/react-id@1.1.1 OK for: @radix-ui/react-tabs@1.1.13 want: 1.1.1
99 silly placeDep node_modules/@radix-ui/react-tabs @radix-ui/react-presence@1.1.5 CONFLICT for: @radix-ui/react-tabs@1.1.13 want: 1.1.5
100 silly placeDep node_modules/@radix-ui/react-tabs @radix-ui/react-primitive@2.1.3 CONFLICT for: @radix-ui/react-tabs@1.1.13 want: 2.1.3
101 silly placeDep node_modules/@radix-ui/react-tabs @radix-ui/react-roving-focus@1.1.11 CONFLICT for: @radix-ui/react-tabs@1.1.13 want: 1.1.11
102 silly fetch manifest @radix-ui/react-collection@1.1.7
103 silly fetch manifest @radix-ui/react-use-callback-ref@1.1.1
104 http fetch GET 200 https://registry.npmjs.org/@radix-ui%2freact-use-callback-ref 347ms (cache miss)
105 http fetch GET 200 https://registry.npmjs.org/@radix-ui%2freact-collection 355ms (cache miss)
106 timing idealTree:node_modules/@radix-ui/react-tabs Completed in 397ms
107 timing idealTree:node_modules/@radix-ui/react-direction Completed in 0ms
108 silly placeDep ROOT @radix-ui/react-use-layout-effect@1.1.1 OK for: @radix-ui/react-id@1.1.1 want: 1.1.1
109 timing idealTree:node_modules/@radix-ui/react-id Completed in 6ms
110 silly placeDep ROOT @radix-ui/react-use-effect-event@0.0.2 OK for: @radix-ui/react-use-controllable-state@1.2.2 want: 0.0.2
111 timing idealTree:node_modules/@radix-ui/react-use-controllable-state Completed in 4ms
112 timing idealTree:node_modules/@radix-ui/react-use-effect-event Completed in 0ms
113 timing idealTree:node_modules/@radix-ui/react-use-layout-effect Completed in 0ms
114 timing idealTree:node_modules/@radix-ui/react-use-previous Completed in 0ms
115 timing idealTree:node_modules/@radix-ui/react-use-size Completed in 0ms
116 timing idealTree:node_modules/tailwind-merge Completed in 0ms
117 timing idealTree:node_modules/@radix-ui/react-label/node_modules/@radix-ui/react-primitive Completed in 0ms
118 timing idealTree:node_modules/@radix-ui/react-switch/node_modules/@radix-ui/react-primitive Completed in 0ms
119 timing idealTree:node_modules/@radix-ui/react-tabs/node_modules/@radix-ui/react-presence Completed in 0ms
120 timing idealTree:node_modules/@radix-ui/react-tabs/node_modules/@radix-ui/react-primitive Completed in 0ms
121 silly placeDep node_modules/@radix-ui/react-tabs/node_modules/@radix-ui/react-roving-focus @radix-ui/react-collection@1.1.7 CONFLICT for: @radix-ui/react-roving-focus@1.1.11 want: 1.1.7
122 silly placeDep ROOT @radix-ui/react-use-callback-ref@1.1.1 OK for: @radix-ui/react-roving-focus@1.1.11 want: 1.1.1
123 timing idealTree:node_modules/@radix-ui/react-tabs/node_modules/@radix-ui/react-roving-focus Completed in 17ms
124 timing idealTree:node_modules/@radix-ui/react-use-callback-ref Completed in 1ms
125 timing idealTree:node_modules/@radix-ui/react-tabs/node_modules/@radix-ui/react-roving-focus/node_modules/@radix-ui/react-collection Completed in 0ms
126 timing idealTree:buildDeps Completed in 2973ms
127 timing idealTree:fixDepFlags Completed in 1ms
128 timing idealTree Completed in 3026ms
129 timing reify:loadTrees Completed in 3026ms
130 timing reify:diffTrees Completed in 3ms
131 silly reify moves {}
132 timing reify:retireShallow Completed in 0ms
133 timing reify:createSparse Completed in 10ms
134 timing reify:loadBundles Completed in 0ms
135 verbose reify failed optional dependency /Users/dimakulikov/Desktop/Askcal/node_modules/@next/swc-win32-x64-msvc
136 silly reify mark deleted [
136 silly reify   '/Users/dimakulikov/Desktop/Askcal/node_modules/@next/swc-win32-x64-msvc'
136 silly reify ]
137 verbose reify failed optional dependency /Users/dimakulikov/Desktop/Askcal/node_modules/@next/swc-win32-ia32-msvc
138 silly reify mark deleted [
138 silly reify   '/Users/dimakulikov/Desktop/Askcal/node_modules/@next/swc-win32-ia32-msvc'
138 silly reify ]
139 verbose reify failed optional dependency /Users/dimakulikov/Desktop/Askcal/node_modules/@next/swc-win32-arm64-msvc
140 silly reify mark deleted [
140 silly reify   '/Users/dimakulikov/Desktop/Askcal/node_modules/@next/swc-win32-arm64-msvc'
140 silly reify ]
141 verbose reify failed optional dependency /Users/dimakulikov/Desktop/Askcal/node_modules/@next/swc-linux-x64-musl
142 silly reify mark deleted [
142 silly reify   '/Users/dimakulikov/Desktop/Askcal/node_modules/@next/swc-linux-x64-musl'
142 silly reify ]
143 verbose reify failed optional dependency /Users/dimakulikov/Desktop/Askcal/node_modules/@next/swc-linux-x64-gnu
144 silly reify mark deleted [
144 silly reify   '/Users/dimakulikov/Desktop/Askcal/node_modules/@next/swc-linux-x64-gnu'
144 silly reify ]
145 verbose reify failed optional dependency /Users/dimakulikov/Desktop/Askcal/node_modules/@next/swc-linux-arm64-musl
146 silly reify mark deleted [
146 silly reify   '/Users/dimakulikov/Desktop/Askcal/node_modules/@next/swc-linux-arm64-musl'
146 silly reify ]
147 verbose reify failed optional dependency /Users/dimakulikov/Desktop/Askcal/node_modules/@next/swc-linux-arm64-gnu
148 silly reify mark deleted [
148 silly reify   '/Users/dimakulikov/Desktop/Askcal/node_modules/@next/swc-linux-arm64-gnu'
148 silly reify ]
149 verbose reify failed optional dependency /Users/dimakulikov/Desktop/Askcal/node_modules/@next/swc-darwin-x64
150 silly reify mark deleted [
150 silly reify   '/Users/dimakulikov/Desktop/Askcal/node_modules/@next/swc-darwin-x64'
150 silly reify ]
151 timing reifyNode:node_modules/@next/swc-win32-x64-msvc Completed in 3ms
152 timing reifyNode:node_modules/@next/swc-win32-ia32-msvc Completed in 3ms
153 timing reifyNode:node_modules/@next/swc-win32-arm64-msvc Completed in 3ms
154 timing reifyNode:node_modules/@next/swc-linux-x64-musl Completed in 3ms
155 timing reifyNode:node_modules/@next/swc-linux-x64-gnu Completed in 3ms
156 timing reifyNode:node_modules/@next/swc-linux-arm64-musl Completed in 3ms
157 timing reifyNode:node_modules/@next/swc-linux-arm64-gnu Completed in 3ms
158 timing reifyNode:node_modules/@next/swc-darwin-x64 Completed in 3ms
159 silly tarball no local data for @radix-ui/react-use-callback-ref@https://registry.npmjs.org/@radix-ui/react-use-callback-ref/-/react-use-callback-ref-1.1.1.tgz. Extracting by manifest.
160 silly tarball no local data for @radix-ui/react-use-effect-event@https://registry.npmjs.org/@radix-ui/react-use-effect-event/-/react-use-effect-event-0.0.2.tgz. Extracting by manifest.
161 silly tarball no local data for @radix-ui/react-id@https://registry.npmjs.org/@radix-ui/react-id/-/react-id-1.1.1.tgz. Extracting by manifest.
162 silly tarball no local data for @radix-ui/react-use-layout-effect@https://registry.npmjs.org/@radix-ui/react-use-layout-effect/-/react-use-layout-effect-1.1.1.tgz. Extracting by manifest.
163 silly tarball no local data for @radix-ui/react-direction@https://registry.npmjs.org/@radix-ui/react-direction/-/react-direction-1.1.1.tgz. Extracting by manifest.
164 silly tarball no local data for @radix-ui/react-use-size@https://registry.npmjs.org/@radix-ui/react-use-size/-/react-use-size-1.1.1.tgz. Extracting by manifest.
165 silly tarball no local data for @radix-ui/react-use-previous@https://registry.npmjs.org/@radix-ui/react-use-previous/-/react-use-previous-1.1.1.tgz. Extracting by manifest.
166 silly tarball no local data for @radix-ui/react-use-controllable-state@https://registry.npmjs.org/@radix-ui/react-use-controllable-state/-/react-use-controllable-state-1.2.2.tgz. Extracting by manifest.
167 silly tarball no local data for @radix-ui/react-context@https://registry.npmjs.org/@radix-ui/react-context/-/react-context-1.1.2.tgz. Extracting by manifest.
168 silly tarball no local data for tailwind-merge@https://registry.npmjs.org/tailwind-merge/-/tailwind-merge-3.3.1.tgz. Extracting by manifest.
169 silly tarball no local data for @radix-ui/primitive@https://registry.npmjs.org/@radix-ui/primitive/-/primitive-1.1.3.tgz. Extracting by manifest.
170 silly tarball no local data for @radix-ui/react-tabs@https://registry.npmjs.org/@radix-ui/react-tabs/-/react-tabs-1.1.13.tgz. Extracting by manifest.
171 silly tarball no local data for @radix-ui/react-label@https://registry.npmjs.org/@radix-ui/react-label/-/react-label-2.1.7.tgz. Extracting by manifest.
172 silly tarball no local data for @radix-ui/react-roving-focus@https://registry.npmjs.org/@radix-ui/react-roving-focus/-/react-roving-focus-1.1.11.tgz. Extracting by manifest.
173 silly tarball no local data for @radix-ui/react-primitive@https://registry.npmjs.org/@radix-ui/react-primitive/-/react-primitive-2.1.3.tgz. Extracting by manifest.
174 silly tarball no local data for @radix-ui/react-collection@https://registry.npmjs.org/@radix-ui/react-collection/-/react-collection-1.1.7.tgz. Extracting by manifest.
175 silly tarball no local data for @radix-ui/react-presence@https://registry.npmjs.org/@radix-ui/react-presence/-/react-presence-1.1.5.tgz. Extracting by manifest.
176 silly tarball no local data for @radix-ui/react-primitive@https://registry.npmjs.org/@radix-ui/react-primitive/-/react-primitive-2.1.3.tgz. Extracting by manifest.
177 silly tarball no local data for @radix-ui/react-primitive@https://registry.npmjs.org/@radix-ui/react-primitive/-/react-primitive-2.1.3.tgz. Extracting by manifest.
178 silly tarball no local data for @radix-ui/react-switch@https://registry.npmjs.org/@radix-ui/react-switch/-/react-switch-1.2.6.tgz. Extracting by manifest.
179 http fetch GET 200 https://registry.npmjs.org/@radix-ui/react-use-size/-/react-use-size-1.1.1.tgz 151ms (cache miss)
180 timing reifyNode:node_modules/@radix-ui/react-use-size Completed in 163ms
181 http fetch GET 200 https://registry.npmjs.org/@radix-ui/react-use-layout-effect/-/react-use-layout-effect-1.1.1.tgz 152ms (cache miss)
182 timing reifyNode:node_modules/@radix-ui/react-use-layout-effect Completed in 163ms
183 http fetch GET 200 https://registry.npmjs.org/@radix-ui/react-use-callback-ref/-/react-use-callback-ref-1.1.1.tgz 154ms (cache miss)
184 timing reifyNode:node_modules/@radix-ui/react-use-callback-ref Completed in 163ms
185 http fetch GET 200 https://registry.npmjs.org/@radix-ui/react-id/-/react-id-1.1.1.tgz 163ms (cache miss)
186 timing reifyNode:node_modules/@radix-ui/react-id Completed in 173ms
187 http fetch GET 200 https://registry.npmjs.org/@radix-ui/react-use-effect-event/-/react-use-effect-event-0.0.2.tgz 163ms (cache miss)
188 timing reifyNode:node_modules/@radix-ui/react-use-effect-event Completed in 173ms
189 http fetch GET 200 https://registry.npmjs.org/@radix-ui/react-direction/-/react-direction-1.1.1.tgz 166ms (cache miss)
190 timing reifyNode:node_modules/@radix-ui/react-direction Completed in 177ms
191 http fetch GET 200 https://registry.npmjs.org/tailwind-merge/-/tailwind-merge-3.3.1.tgz 165ms (cache miss)
192 timing reifyNode:node_modules/tailwind-merge Completed in 176ms
193 http fetch GET 200 https://registry.npmjs.org/@radix-ui/react-use-controllable-state/-/react-use-controllable-state-1.2.2.tgz 167ms (cache miss)
194 timing reifyNode:node_modules/@radix-ui/react-use-controllable-state Completed in 178ms
195 http fetch GET 200 https://registry.npmjs.org/@radix-ui/react-presence/-/react-presence-1.1.5.tgz 173ms (cache miss)
196 timing reifyNode:node_modules/@radix-ui/react-tabs/node_modules/@radix-ui/react-presence Completed in 186ms
197 http fetch GET 200 https://registry.npmjs.org/@radix-ui/react-use-previous/-/react-use-previous-1.1.1.tgz 179ms (cache miss)
198 timing reifyNode:node_modules/@radix-ui/react-use-previous Completed in 189ms
199 http fetch GET 200 https://registry.npmjs.org/@radix-ui/react-context/-/react-context-1.1.2.tgz 187ms (cache miss)
200 timing reifyNode:node_modules/@radix-ui/react-context Completed in 198ms
201 http fetch GET 200 https://registry.npmjs.org/@radix-ui/react-primitive/-/react-primitive-2.1.3.tgz 186ms (cache miss)
202 timing reifyNode:node_modules/@radix-ui/react-tabs/node_modules/@radix-ui/react-primitive Completed in 199ms
203 http fetch GET 200 https://registry.npmjs.org/@radix-ui/react-roving-focus/-/react-roving-focus-1.1.11.tgz 188ms (cache miss)
204 timing reifyNode:node_modules/@radix-ui/react-tabs/node_modules/@radix-ui/react-roving-focus Completed in 200ms
205 http fetch GET 200 https://registry.npmjs.org/@radix-ui/react-collection/-/react-collection-1.1.7.tgz 188ms (cache miss)
206 timing reifyNode:node_modules/@radix-ui/react-tabs/node_modules/@radix-ui/react-roving-focus/node_modules/@radix-ui/react-collection Completed in 201ms
207 http fetch GET 200 https://registry.npmjs.org/@radix-ui/react-primitive/-/react-primitive-2.1.3.tgz 205ms (cache miss)
208 timing reifyNode:node_modules/@radix-ui/react-label/node_modules/@radix-ui/react-primitive Completed in 219ms
209 http fetch GET 200 https://registry.npmjs.org/@radix-ui/react-label/-/react-label-2.1.7.tgz 207ms (cache miss)
210 timing reifyNode:node_modules/@radix-ui/react-label Completed in 219ms
211 http fetch GET 200 https://registry.npmjs.org/@radix-ui/react-switch/-/react-switch-1.2.6.tgz 205ms (cache miss)
212 timing reifyNode:node_modules/@radix-ui/react-switch Completed in 219ms
213 http fetch GET 200 https://registry.npmjs.org/@radix-ui/react-primitive/-/react-primitive-2.1.3.tgz 221ms (cache miss)
214 timing reifyNode:node_modules/@radix-ui/react-switch/node_modules/@radix-ui/react-primitive Completed in 234ms
215 http fetch GET 200 https://registry.npmjs.org/@radix-ui/react-tabs/-/react-tabs-1.1.13.tgz 223ms (cache miss)
216 timing reifyNode:node_modules/@radix-ui/react-tabs Completed in 235ms
217 http fetch GET 200 https://registry.npmjs.org/@radix-ui/primitive/-/primitive-1.1.3.tgz 225ms (cache miss)
218 timing reifyNode:node_modules/@radix-ui/primitive Completed in 238ms
219 timing reify:unpack Completed in 239ms
220 timing reify:unretire Completed in 0ms
221 timing build:queue Completed in 1ms
222 timing build:deps Completed in 1ms
223 timing build Completed in 1ms
224 timing reify:build Completed in 1ms
225 timing reify:trash Completed in 0ms
226 timing reify:save Completed in 47ms
227 timing reify Completed in 3355ms
228 silly ADD node_modules/@radix-ui/react-use-callback-ref
229 silly ADD node_modules/@radix-ui/react-use-effect-event
230 silly ADD node_modules/@radix-ui/react-use-layout-effect
231 silly ADD node_modules/@radix-ui/react-id
232 silly ADD node_modules/@radix-ui/react-direction
233 silly ADD node_modules/@radix-ui/react-use-size
234 silly ADD node_modules/@radix-ui/react-use-previous
235 silly ADD node_modules/@radix-ui/react-use-controllable-state
236 silly ADD node_modules/@radix-ui/react-context
237 silly ADD node_modules/@radix-ui/primitive
238 silly ADD node_modules/tailwind-merge
239 silly ADD node_modules/@radix-ui/react-tabs
240 silly ADD node_modules/@radix-ui/react-tabs/node_modules/@radix-ui/react-roving-focus
241 silly ADD node_modules/@radix-ui/react-tabs/node_modules/@radix-ui/react-roving-focus/node_modules/@radix-ui/react-collection
242 silly ADD node_modules/@radix-ui/react-tabs/node_modules/@radix-ui/react-primitive
243 silly ADD node_modules/@radix-ui/react-tabs/node_modules/@radix-ui/react-presence
244 silly ADD node_modules/@radix-ui/react-switch
245 silly ADD node_modules/@radix-ui/react-switch/node_modules/@radix-ui/react-primitive
246 silly ADD node_modules/@radix-ui/react-label
247 silly ADD node_modules/@radix-ui/react-label/node_modules/@radix-ui/react-primitive
248 silly ADD
249 silly ADD
250 silly ADD
251 silly ADD
252 silly ADD
253 silly ADD
254 silly ADD
255 silly ADD
256 timing command:install Completed in 3358ms
257 verbose exit 0
258 timing npm Completed in 3507ms
259 info ok
