0 verbose cli /Users/dimakulikov/Library/Application Support/Herd/config/nvm/versions/node/v18.20.0/bin/node /Users/dimakulikov/Library/Application Support/Herd/config/nvm/versions/node/v18.20.0/bin/npm
1 info using npm@10.5.0
2 info using node@v18.20.0
3 timing npm:load:whichnode Completed in 1ms
4 timing config:load:defaults Completed in 1ms
5 timing config:load:file:/Users/dimakulikov/Library/Application Support/Herd/config/nvm/versions/node/v18.20.0/lib/node_modules/npm/npmrc Completed in 0ms
6 timing config:load:builtin Completed in 0ms
7 timing config:load:cli Completed in 1ms
8 timing config:load:env Completed in 1ms
9 timing config:load:file:/Users/dimakulikov/Desktop/Askcal/.npmrc Completed in 0ms
10 timing config:load:project Completed in 1ms
11 timing config:load:file:/Users/dimakulikov/.npmrc Completed in 1ms
12 timing config:load:user Completed in 1ms
13 timing config:load:file:/Users/dimakulikov/.npm-global/etc/npmrc Completed in 0ms
14 timing config:load:global Completed in 0ms
15 timing config:load:setEnvs Completed in 1ms
16 timing config:load Completed in 6ms
17 timing npm:load:configload Completed in 6ms
18 timing config:load:flatten Completed in 1ms
19 timing npm:load:mkdirpcache Completed in 0ms
20 timing npm:load:mkdirplogs Completed in 0ms
21 verbose title npm install
22 verbose argv "install" "--cache" ".npm-cache" "--no-audit" "--no-fund"
23 timing npm:load:setTitle Completed in 7ms
24 timing npm:load:display Completed in 0ms
25 verbose logfile logs-max:10 dir:/Users/dimakulikov/Desktop/Askcal/.npm-cache/_logs/2025-10-31T10_06_38_993Z-
26 verbose logfile /Users/dimakulikov/Desktop/Askcal/.npm-cache/_logs/2025-10-31T10_06_38_993Z-debug-0.log
27 timing npm:load:logFile Completed in 4ms
28 timing npm:load:timers Completed in 0ms
29 timing npm:load:configScope Completed in 0ms
30 timing npm:load Completed in 24ms
31 timing arborist:ctor Completed in 0ms
32 silly logfile done cleaning log files
33 timing idealTree:init Completed in 41ms
34 timing idealTree:userRequests Completed in 0ms
35 silly idealTree buildDeps
36 timing idealTree:#root Completed in 0ms
37 timing idealTree:buildDeps Completed in 1ms
38 timing idealTree:fixDepFlags Completed in 0ms
39 timing idealTree Completed in 44ms
40 timing arborist:ctor Completed in 0ms
41 timing reify:loadTrees Completed in 61ms
42 timing reify:diffTrees Completed in 2ms
43 silly reify moves {}
44 timing reify:retireShallow Completed in 0ms
45 timing reify:createSparse Completed in 2ms
46 timing reify:loadBundles Completed in 0ms
47 verbose reify failed optional dependency /Users/dimakulikov/Desktop/Askcal/node_modules/@next/swc-win32-x64-msvc
48 silly reify mark deleted [
48 silly reify   '/Users/dimakulikov/Desktop/Askcal/node_modules/@next/swc-win32-x64-msvc'
48 silly reify ]
49 verbose reify failed optional dependency /Users/dimakulikov/Desktop/Askcal/node_modules/@next/swc-win32-ia32-msvc
50 silly reify mark deleted [
50 silly reify   '/Users/dimakulikov/Desktop/Askcal/node_modules/@next/swc-win32-ia32-msvc'
50 silly reify ]
51 verbose reify failed optional dependency /Users/dimakulikov/Desktop/Askcal/node_modules/@next/swc-win32-arm64-msvc
52 silly reify mark deleted [
52 silly reify   '/Users/dimakulikov/Desktop/Askcal/node_modules/@next/swc-win32-arm64-msvc'
52 silly reify ]
53 verbose reify failed optional dependency /Users/dimakulikov/Desktop/Askcal/node_modules/@next/swc-linux-x64-musl
54 silly reify mark deleted [
54 silly reify   '/Users/dimakulikov/Desktop/Askcal/node_modules/@next/swc-linux-x64-musl'
54 silly reify ]
55 verbose reify failed optional dependency /Users/dimakulikov/Desktop/Askcal/node_modules/@next/swc-linux-x64-gnu
56 silly reify mark deleted [
56 silly reify   '/Users/dimakulikov/Desktop/Askcal/node_modules/@next/swc-linux-x64-gnu'
56 silly reify ]
57 verbose reify failed optional dependency /Users/dimakulikov/Desktop/Askcal/node_modules/@next/swc-linux-arm64-musl
58 silly reify mark deleted [
58 silly reify   '/Users/dimakulikov/Desktop/Askcal/node_modules/@next/swc-linux-arm64-musl'
58 silly reify ]
59 verbose reify failed optional dependency /Users/dimakulikov/Desktop/Askcal/node_modules/@next/swc-linux-arm64-gnu
60 silly reify mark deleted [
60 silly reify   '/Users/dimakulikov/Desktop/Askcal/node_modules/@next/swc-linux-arm64-gnu'
60 silly reify ]
61 verbose reify failed optional dependency /Users/dimakulikov/Desktop/Askcal/node_modules/@next/swc-darwin-x64
62 silly reify mark deleted [
62 silly reify   '/Users/dimakulikov/Desktop/Askcal/node_modules/@next/swc-darwin-x64'
62 silly reify ]
63 timing reifyNode:node_modules/@next/swc-win32-x64-msvc Completed in 2ms
64 timing reifyNode:node_modules/@next/swc-win32-ia32-msvc Completed in 2ms
65 timing reifyNode:node_modules/@next/swc-win32-arm64-msvc Completed in 2ms
66 timing reifyNode:node_modules/@next/swc-linux-x64-musl Completed in 2ms
67 timing reifyNode:node_modules/@next/swc-linux-x64-gnu Completed in 2ms
68 timing reifyNode:node_modules/@next/swc-linux-arm64-musl Completed in 2ms
69 timing reifyNode:node_modules/@next/swc-linux-arm64-gnu Completed in 2ms
70 timing reifyNode:node_modules/@next/swc-darwin-x64 Completed in 2ms
71 silly tarball no local data for fsevents@https://registry.npmjs.org/fsevents/-/fsevents-2.3.3.tgz. Extracting by manifest.
72 http fetch GET 200 https://registry.npmjs.org/fsevents/-/fsevents-2.3.3.tgz 79ms (cache miss)
73 timing reifyNode:node_modules/fsevents Completed in 83ms
74 timing reify:unpack Completed in 83ms
75 timing reify:unretire Completed in 0ms
76 timing build:queue Completed in 0ms
77 timing build:deps Completed in 1ms
78 timing build Completed in 1ms
79 timing reify:build Completed in 2ms
80 timing reify:trash Completed in 0ms
81 http fetch GET 200 https://registry.npmjs.org/npm 204ms
82 timing reify:save Completed in 42ms
83 timing reify Completed in 235ms
84 silly ADD node_modules/fsevents
85 silly ADD
86 silly ADD
87 silly ADD
88 silly ADD
89 silly ADD
90 silly ADD
91 silly ADD
92 silly ADD
93 timing command:install Completed in 239ms
94 notice
94 notice New major version of npm available! 10.5.0 -> 11.6.2
94 notice Changelog: <https://github.com/npm/cli/releases/tag/v11.6.2>
94 notice Run `npm install -g npm@11.6.2` to update!
94 notice
95 verbose exit 0
96 timing npm Completed in 375ms
97 info ok
