0 verbose cli /Users/dimakulikov/Library/Application Support/Herd/config/nvm/versions/node/v18.20.0/bin/node /Users/dimakulikov/Library/Application Support/Herd/config/nvm/versions/node/v18.20.0/bin/npm
1 info using npm@10.5.0
2 info using node@v18.20.0
3 timing npm:load:whichnode Completed in 1ms
4 timing config:load:defaults Completed in 1ms
5 timing config:load:file:/Users/dimakulikov/Library/Application Support/Herd/config/nvm/versions/node/v18.20.0/lib/node_modules/npm/npmrc Completed in 0ms
6 timing config:load:builtin Completed in 0ms
7 timing config:load:cli Completed in 1ms
8 timing config:load:env Completed in 1ms
9 timing config:load:file:/Users/dimakulikov/Desktop/Askcal/.npmrc Completed in 0ms
10 timing config:load:project Completed in 1ms
11 timing config:load:file:/Users/dimakulikov/.npmrc Completed in 1ms
12 timing config:load:user Completed in 1ms
13 timing config:load:file:/Users/dimakulikov/.npm-global/etc/npmrc Completed in 0ms
14 timing config:load:global Completed in 0ms
15 timing config:load:setEnvs Completed in 1ms
16 timing config:load Completed in 6ms
17 timing npm:load:configload Completed in 6ms
18 timing config:load:flatten Completed in 1ms
19 timing npm:load:mkdirpcache Completed in 0ms
20 timing npm:load:mkdirplogs Completed in 0ms
21 verbose title npm install recharts
22 verbose argv "install" "recharts" "--save" "--cache" ".npm-cache" "--no-audit" "--no-fund"
23 timing npm:load:setTitle Completed in 0ms
24 timing npm:load:display Completed in 1ms
25 verbose logfile logs-max:10 dir:/Users/dimakulikov/Desktop/Askcal/.npm-cache/_logs/2025-10-31T10_19_55_496Z-
26 verbose logfile /Users/dimakulikov/Desktop/Askcal/.npm-cache/_logs/2025-10-31T10_19_55_496Z-debug-0.log
27 timing npm:load:logFile Completed in 4ms
28 timing npm:load:timers Completed in 0ms
29 timing npm:load:configScope Completed in 0ms
30 timing npm:load Completed in 19ms
31 timing arborist:ctor Completed in 0ms
32 silly logfile done cleaning log files
33 timing idealTree:init Completed in 124ms
34 timing idealTree:userRequests Completed in 1ms
35 silly idealTree buildDeps
36 silly fetch manifest recharts@*
37 timing arborist:ctor Completed in 0ms
38 http fetch GET 200 https://registry.npmjs.org/recharts 763ms (cache miss)
39 silly fetch manifest react@18.3.1
40 http fetch GET 200 https://registry.npmjs.org/react 10ms (cache hit)
41 silly fetch manifest react-dom@18.3.1
42 http fetch GET 200 https://registry.npmjs.org/react-dom 17ms (cache hit)
43 silly fetch manifest react-is@^16.8.0 || ^17.0.0 || ^18.0.0 || ^19.0.0
44 http fetch GET 200 https://registry.npmjs.org/react-is 164ms (cache miss)
45 silly placeDep ROOT recharts@3.3.0 OK for:  want: *
46 silly placeDep ROOT react-is@19.2.0 OK for: recharts@3.3.0 want: ^16.8.0 || ^17.0.0 || ^18.0.0 || ^19.0.0
47 silly fetch manifest @reduxjs/toolkit@1.x.x || 2.x.x
48 silly fetch manifest decimal.js-light@^2.5.1
49 silly fetch manifest es-toolkit@^1.39.3
50 silly fetch manifest eventemitter3@^5.0.1
51 silly fetch manifest immer@^10.1.1
52 silly fetch manifest react-redux@8.x.x || 9.x.x
53 silly fetch manifest reselect@5.1.1
54 http fetch GET 200 https://registry.npmjs.org/eventemitter3 163ms (cache miss)
55 silly fetch manifest tiny-invariant@^1.3.3
56 http fetch GET 200 https://registry.npmjs.org/react-redux 219ms (cache miss)
57 silly fetch manifest victory-vendor@^37.0.2
58 http fetch GET 200 https://registry.npmjs.org/immer 224ms (cache miss)
59 http fetch GET 200 https://registry.npmjs.org/decimal.js-light 234ms (cache miss)
60 http fetch GET 200 https://registry.npmjs.org/reselect 278ms (cache miss)
61 http fetch GET 200 https://registry.npmjs.org/tiny-invariant 122ms (cache miss)
62 http fetch GET 200 https://registry.npmjs.org/es-toolkit 318ms (cache miss)
63 http fetch GET 200 https://registry.npmjs.org/@reduxjs%2ftoolkit 462ms (cache miss)
64 http fetch GET 200 https://registry.npmjs.org/victory-vendor 683ms (cache miss)
65 timing idealTree:#root Completed in 1954ms
66 timing idealTree:node_modules/react-is Completed in 0ms
67 silly fetch manifest react@^16.8.0 || ^17.0.0 || ^18.0.0 || ^19.0.0
68 silly fetch manifest @types/react@^18.2.25 || ^19
69 http fetch GET 200 https://registry.npmjs.org/@types%2freact 6ms (cache hit)
70 silly fetch manifest redux@^5.0.0
71 http fetch GET 200 https://registry.npmjs.org/redux 127ms (cache miss)
72 silly placeDep ROOT @reduxjs/toolkit@2.9.2 OK for: recharts@3.3.0 want: 1.x.x || 2.x.x
73 silly placeDep ROOT decimal.js-light@2.5.1 OK for: recharts@3.3.0 want: ^2.5.1
74 silly placeDep ROOT es-toolkit@1.41.0 OK for: recharts@3.3.0 want: ^1.39.3
75 silly placeDep ROOT eventemitter3@5.0.1 OK for: recharts@3.3.0 want: ^5.0.1
76 silly placeDep ROOT immer@10.2.0 OK for: recharts@3.3.0 want: ^10.1.1
77 silly placeDep ROOT react-redux@9.2.0 OK for: recharts@3.3.0 want: 8.x.x || 9.x.x
78 silly placeDep ROOT reselect@5.1.1 OK for: recharts@3.3.0 want: 5.1.1
79 silly placeDep ROOT tiny-invariant@1.3.3 OK for: recharts@3.3.0 want: ^1.3.3
80 silly placeDep ROOT victory-vendor@37.3.6 OK for: recharts@3.3.0 want: ^37.0.2
81 silly fetch manifest @standard-schema/spec@^1.0.0
82 silly fetch manifest @standard-schema/utils@^0.3.0
83 silly fetch manifest immer@^10.0.3
84 silly fetch manifest redux@^5.0.1
85 silly fetch manifest redux-thunk@^3.1.0
86 silly fetch manifest reselect@^5.1.0
87 silly fetch manifest @types/use-sync-external-store@^0.0.6
88 silly fetch manifest @types/d3-array@^3.0.3
89 silly fetch manifest @types/d3-ease@^3.0.0
90 silly fetch manifest @types/d3-interpolate@^3.0.1
91 http fetch GET 200 https://registry.npmjs.org/redux-thunk 112ms (cache miss)
92 silly fetch manifest @types/d3-scale@^4.0.2
93 http fetch GET 200 https://registry.npmjs.org/@types%2fd3-ease 191ms (cache miss)
94 silly fetch manifest @types/d3-shape@^3.1.0
95 http fetch GET 200 https://registry.npmjs.org/@types%2fd3-interpolate 192ms (cache miss)
96 silly fetch manifest @types/d3-time@^3.0.0
97 http fetch GET 200 https://registry.npmjs.org/@types%2fuse-sync-external-store 195ms (cache miss)
98 silly fetch manifest @types/d3-timer@^3.0.0
99 http fetch GET 200 https://registry.npmjs.org/@standard-schema%2fspec 274ms (cache miss)
100 silly fetch manifest d3-array@^3.1.6
101 http fetch GET 200 https://registry.npmjs.org/@standard-schema%2futils 283ms (cache miss)
102 silly fetch manifest d3-ease@^3.0.1
103 http fetch GET 200 https://registry.npmjs.org/@types%2fd3-scale 207ms (cache miss)
104 silly fetch manifest d3-interpolate@^3.0.1
105 http fetch GET 200 https://registry.npmjs.org/d3-array 48ms (cache miss)
106 silly fetch manifest d3-scale@^4.0.2
107 http fetch GET 200 https://registry.npmjs.org/@types%2fd3-time 185ms (cache miss)
108 silly fetch manifest d3-shape@^3.1.0
109 http fetch GET 200 https://registry.npmjs.org/d3-interpolate 62ms (cache miss)
110 silly fetch manifest d3-time@^3.0.0
111 http fetch GET 200 https://registry.npmjs.org/d3-scale 64ms (cache miss)
112 silly fetch manifest d3-timer@^3.0.1
113 http fetch GET 200 https://registry.npmjs.org/@types%2fd3-shape 199ms (cache miss)
114 http fetch GET 200 https://registry.npmjs.org/@types%2fd3-timer 197ms (cache miss)
115 http fetch GET 200 https://registry.npmjs.org/d3-ease 139ms (cache miss)
116 http fetch GET 200 https://registry.npmjs.org/d3-time 39ms (cache miss)
117 http fetch GET 200 https://registry.npmjs.org/d3-timer 75ms (cache miss)
118 http fetch GET 200 https://registry.npmjs.org/d3-shape 120ms (cache miss)
119 http fetch GET 200 https://registry.npmjs.org/@types%2fd3-array 810ms (cache miss)
120 timing idealTree:node_modules/recharts Completed in 1048ms
121 silly placeDep ROOT @standard-schema/spec@1.0.0 OK for: @reduxjs/toolkit@2.9.2 want: ^1.0.0
122 silly placeDep ROOT @standard-schema/utils@0.3.0 OK for: @reduxjs/toolkit@2.9.2 want: ^0.3.0
123 silly placeDep ROOT redux@5.0.1 OK for: @reduxjs/toolkit@2.9.2 want: ^5.0.1
124 silly placeDep ROOT redux-thunk@3.1.0 OK for: @reduxjs/toolkit@2.9.2 want: ^3.1.0
125 timing idealTree:node_modules/@reduxjs/toolkit Completed in 5ms
126 timing idealTree:node_modules/@standard-schema/spec Completed in 0ms
127 timing idealTree:node_modules/@standard-schema/utils Completed in 0ms
128 timing idealTree:node_modules/decimal.js-light Completed in 0ms
129 timing idealTree:node_modules/es-toolkit Completed in 0ms
130 timing idealTree:node_modules/eventemitter3 Completed in 0ms
131 timing idealTree:node_modules/immer Completed in 0ms
132 silly placeDep ROOT @types/use-sync-external-store@0.0.6 OK for: react-redux@9.2.0 want: ^0.0.6
133 timing idealTree:node_modules/react-redux Completed in 1ms
134 timing idealTree:node_modules/@types/use-sync-external-store Completed in 0ms
135 timing idealTree:node_modules/redux Completed in 0ms
136 timing idealTree:node_modules/redux-thunk Completed in 0ms
137 timing idealTree:node_modules/reselect Completed in 0ms
138 timing idealTree:node_modules/tiny-invariant Completed in 0ms
139 silly placeDep ROOT @types/d3-array@3.2.2 OK for: victory-vendor@37.3.6 want: ^3.0.3
140 silly placeDep ROOT @types/d3-ease@3.0.2 OK for: victory-vendor@37.3.6 want: ^3.0.0
141 silly placeDep ROOT @types/d3-interpolate@3.0.4 OK for: victory-vendor@37.3.6 want: ^3.0.1
142 silly placeDep ROOT @types/d3-scale@4.0.9 OK for: victory-vendor@37.3.6 want: ^4.0.2
143 silly placeDep ROOT @types/d3-shape@3.1.7 OK for: victory-vendor@37.3.6 want: ^3.1.0
144 silly placeDep ROOT @types/d3-time@3.0.4 OK for: victory-vendor@37.3.6 want: ^3.0.0
145 silly placeDep ROOT @types/d3-timer@3.0.2 OK for: victory-vendor@37.3.6 want: ^3.0.0
146 silly placeDep ROOT d3-array@3.2.4 OK for: victory-vendor@37.3.6 want: ^3.1.6
147 silly placeDep ROOT d3-ease@3.0.1 OK for: victory-vendor@37.3.6 want: ^3.0.1
148 silly placeDep ROOT d3-interpolate@3.0.1 OK for: victory-vendor@37.3.6 want: ^3.0.1
149 silly placeDep ROOT d3-scale@4.0.2 OK for: victory-vendor@37.3.6 want: ^4.0.2
150 silly placeDep ROOT d3-shape@3.2.0 OK for: victory-vendor@37.3.6 want: ^3.1.0
151 silly placeDep ROOT d3-time@3.1.0 OK for: victory-vendor@37.3.6 want: ^3.0.0
152 silly placeDep ROOT d3-timer@3.0.1 OK for: victory-vendor@37.3.6 want: ^3.0.1
153 silly fetch manifest @types/d3-color@*
154 silly fetch manifest @types/d3-time@*
155 silly fetch manifest @types/d3-path@*
156 silly fetch manifest internmap@1 - 2
157 silly fetch manifest d3-color@1 - 3
158 silly fetch manifest d3-format@1 - 3
159 silly fetch manifest d3-time@2.1.1 - 3
160 silly fetch manifest d3-time-format@2 - 4
161 silly fetch manifest d3-path@^3.1.0
162 http fetch GET 200 https://registry.npmjs.org/d3-path 34ms (cache miss)
163 http fetch GET 200 https://registry.npmjs.org/d3-color 41ms (cache miss)
164 http fetch GET 200 https://registry.npmjs.org/d3-format 42ms (cache miss)
165 http fetch GET 200 https://registry.npmjs.org/d3-time-format 50ms (cache miss)
166 http fetch GET 200 https://registry.npmjs.org/internmap 94ms (cache miss)
167 http fetch GET 200 https://registry.npmjs.org/@types%2fd3-path 207ms (cache miss)
168 http fetch GET 200 https://registry.npmjs.org/@types%2fd3-color 213ms (cache miss)
169 timing idealTree:node_modules/victory-vendor Completed in 226ms
170 timing idealTree:node_modules/@types/d3-array Completed in 0ms
171 timing idealTree:node_modules/@types/d3-ease Completed in 0ms
172 silly placeDep ROOT @types/d3-color@3.1.3 OK for: @types/d3-interpolate@3.0.4 want: *
173 timing idealTree:node_modules/@types/d3-interpolate Completed in 1ms
174 timing idealTree:node_modules/@types/d3-color Completed in 0ms
175 timing idealTree:node_modules/@types/d3-scale Completed in 0ms
176 silly placeDep ROOT @types/d3-path@3.1.1 OK for: @types/d3-shape@3.1.7 want: *
177 timing idealTree:node_modules/@types/d3-shape Completed in 1ms
178 timing idealTree:node_modules/@types/d3-path Completed in 0ms
179 timing idealTree:node_modules/@types/d3-time Completed in 0ms
180 timing idealTree:node_modules/@types/d3-timer Completed in 0ms
181 silly placeDep ROOT internmap@2.0.3 OK for: d3-array@3.2.4 want: 1 - 2
182 timing idealTree:node_modules/d3-array Completed in 0ms
183 timing idealTree:node_modules/d3-ease Completed in 0ms
184 silly placeDep ROOT d3-color@3.1.0 OK for: d3-interpolate@3.0.1 want: 1 - 3
185 timing idealTree:node_modules/d3-interpolate Completed in 1ms
186 timing idealTree:node_modules/d3-color Completed in 0ms
187 silly placeDep ROOT d3-format@3.1.0 OK for: d3-scale@4.0.2 want: 1 - 3
188 silly placeDep ROOT d3-time-format@4.1.0 OK for: d3-scale@4.0.2 want: 2 - 4
189 timing idealTree:node_modules/d3-scale Completed in 1ms
190 timing idealTree:node_modules/d3-format Completed in 0ms
191 silly placeDep ROOT d3-path@3.1.0 OK for: d3-shape@3.2.0 want: ^3.1.0
192 timing idealTree:node_modules/d3-shape Completed in 0ms
193 timing idealTree:node_modules/d3-path Completed in 0ms
194 timing idealTree:node_modules/d3-time Completed in 0ms
195 timing idealTree:node_modules/d3-time-format Completed in 0ms
196 timing idealTree:node_modules/d3-timer Completed in 0ms
197 timing idealTree:node_modules/internmap Completed in 0ms
198 timing idealTree:buildDeps Completed in 3239ms
199 timing idealTree:fixDepFlags Completed in 6ms
200 timing idealTree Completed in 3372ms
201 timing reify:loadTrees Completed in 3372ms
202 timing reify:diffTrees Completed in 4ms
203 silly reify moves {}
204 timing reify:retireShallow Completed in 1ms
205 timing reify:createSparse Completed in 3ms
206 timing reify:loadBundles Completed in 0ms
207 verbose reify failed optional dependency /Users/dimakulikov/Desktop/Askcal/node_modules/@next/swc-win32-x64-msvc
208 silly reify mark deleted [
208 silly reify   '/Users/dimakulikov/Desktop/Askcal/node_modules/@next/swc-win32-x64-msvc'
208 silly reify ]
209 verbose reify failed optional dependency /Users/dimakulikov/Desktop/Askcal/node_modules/@next/swc-win32-ia32-msvc
210 silly reify mark deleted [
210 silly reify   '/Users/dimakulikov/Desktop/Askcal/node_modules/@next/swc-win32-ia32-msvc'
210 silly reify ]
211 verbose reify failed optional dependency /Users/dimakulikov/Desktop/Askcal/node_modules/@next/swc-win32-arm64-msvc
212 silly reify mark deleted [
212 silly reify   '/Users/dimakulikov/Desktop/Askcal/node_modules/@next/swc-win32-arm64-msvc'
212 silly reify ]
213 verbose reify failed optional dependency /Users/dimakulikov/Desktop/Askcal/node_modules/@next/swc-linux-x64-musl
214 silly reify mark deleted [
214 silly reify   '/Users/dimakulikov/Desktop/Askcal/node_modules/@next/swc-linux-x64-musl'
214 silly reify ]
215 verbose reify failed optional dependency /Users/dimakulikov/Desktop/Askcal/node_modules/@next/swc-linux-x64-gnu
216 silly reify mark deleted [
216 silly reify   '/Users/dimakulikov/Desktop/Askcal/node_modules/@next/swc-linux-x64-gnu'
216 silly reify ]
217 verbose reify failed optional dependency /Users/dimakulikov/Desktop/Askcal/node_modules/@next/swc-linux-arm64-musl
218 silly reify mark deleted [
218 silly reify   '/Users/dimakulikov/Desktop/Askcal/node_modules/@next/swc-linux-arm64-musl'
218 silly reify ]
219 verbose reify failed optional dependency /Users/dimakulikov/Desktop/Askcal/node_modules/@next/swc-linux-arm64-gnu
220 silly reify mark deleted [
220 silly reify   '/Users/dimakulikov/Desktop/Askcal/node_modules/@next/swc-linux-arm64-gnu'
220 silly reify ]
221 verbose reify failed optional dependency /Users/dimakulikov/Desktop/Askcal/node_modules/@next/swc-darwin-x64
222 silly reify mark deleted [
222 silly reify   '/Users/dimakulikov/Desktop/Askcal/node_modules/@next/swc-darwin-x64'
222 silly reify ]
223 timing reifyNode:node_modules/@next/swc-win32-x64-msvc Completed in 32ms
224 timing reifyNode:node_modules/@next/swc-win32-ia32-msvc Completed in 32ms
225 timing reifyNode:node_modules/@next/swc-win32-arm64-msvc Completed in 32ms
226 timing reifyNode:node_modules/@next/swc-linux-x64-musl Completed in 32ms
227 timing reifyNode:node_modules/@next/swc-linux-x64-gnu Completed in 32ms
228 timing reifyNode:node_modules/@next/swc-linux-arm64-musl Completed in 32ms
229 timing reifyNode:node_modules/@next/swc-linux-arm64-gnu Completed in 32ms
230 timing reifyNode:node_modules/@next/swc-darwin-x64 Completed in 32ms
231 silly tarball no local data for d3-format@https://registry.npmjs.org/d3-format/-/d3-format-3.1.0.tgz. Extracting by manifest.
232 silly tarball no local data for d3-path@https://registry.npmjs.org/d3-path/-/d3-path-3.1.0.tgz. Extracting by manifest.
233 silly tarball no local data for d3-color@https://registry.npmjs.org/d3-color/-/d3-color-3.1.0.tgz. Extracting by manifest.
234 silly tarball no local data for internmap@https://registry.npmjs.org/internmap/-/internmap-2.0.3.tgz. Extracting by manifest.
235 silly tarball no local data for d3-timer@https://registry.npmjs.org/d3-timer/-/d3-timer-3.0.1.tgz. Extracting by manifest.
236 silly tarball no local data for @types/d3-path@https://registry.npmjs.org/@types/d3-path/-/d3-path-3.1.1.tgz. Extracting by manifest.
237 silly tarball no local data for @types/d3-color@https://registry.npmjs.org/@types/d3-color/-/d3-color-3.1.3.tgz. Extracting by manifest.
238 silly tarball no local data for d3-time@https://registry.npmjs.org/d3-time/-/d3-time-3.1.0.tgz. Extracting by manifest.
239 silly tarball no local data for d3-shape@https://registry.npmjs.org/d3-shape/-/d3-shape-3.2.0.tgz. Extracting by manifest.
240 silly tarball no local data for d3-interpolate@https://registry.npmjs.org/d3-interpolate/-/d3-interpolate-3.0.1.tgz. Extracting by manifest.
241 silly tarball no local data for d3-time-format@https://registry.npmjs.org/d3-time-format/-/d3-time-format-4.1.0.tgz. Extracting by manifest.
242 silly tarball no local data for d3-scale@https://registry.npmjs.org/d3-scale/-/d3-scale-4.0.2.tgz. Extracting by manifest.
243 silly tarball no local data for d3-ease@https://registry.npmjs.org/d3-ease/-/d3-ease-3.0.1.tgz. Extracting by manifest.
244 silly tarball no local data for @types/d3-timer@https://registry.npmjs.org/@types/d3-timer/-/d3-timer-3.0.2.tgz. Extracting by manifest.
245 silly tarball no local data for @types/d3-scale@https://registry.npmjs.org/@types/d3-scale/-/d3-scale-4.0.9.tgz. Extracting by manifest.
246 silly tarball no local data for @types/d3-array@https://registry.npmjs.org/@types/d3-array/-/d3-array-3.2.2.tgz. Extracting by manifest.
247 silly tarball no local data for @types/d3-interpolate@https://registry.npmjs.org/@types/d3-interpolate/-/d3-interpolate-3.0.4.tgz. Extracting by manifest.
248 silly tarball no local data for @types/d3-shape@https://registry.npmjs.org/@types/d3-shape/-/d3-shape-3.1.7.tgz. Extracting by manifest.
249 silly tarball no local data for @standard-schema/utils@https://registry.npmjs.org/@standard-schema/utils/-/utils-0.3.0.tgz. Extracting by manifest.
250 silly tarball no local data for d3-array@https://registry.npmjs.org/d3-array/-/d3-array-3.2.4.tgz. Extracting by manifest.
251 silly tarball no local data for @types/d3-time@https://registry.npmjs.org/@types/d3-time/-/d3-time-3.0.4.tgz. Extracting by manifest.
252 silly tarball no local data for @standard-schema/spec@https://registry.npmjs.org/@standard-schema/spec/-/spec-1.0.0.tgz. Extracting by manifest.
253 silly tarball no local data for victory-vendor@https://registry.npmjs.org/victory-vendor/-/victory-vendor-37.3.6.tgz. Extracting by manifest.
254 silly tarball no local data for eventemitter3@https://registry.npmjs.org/eventemitter3/-/eventemitter3-5.0.1.tgz. Extracting by manifest.
255 silly tarball no local data for reselect@https://registry.npmjs.org/reselect/-/reselect-5.1.1.tgz. Extracting by manifest.
256 silly tarball no local data for redux@https://registry.npmjs.org/redux/-/redux-5.0.1.tgz. Extracting by manifest.
257 silly tarball no local data for immer@https://registry.npmjs.org/immer/-/immer-10.2.0.tgz. Extracting by manifest.
258 silly tarball no local data for es-toolkit@https://registry.npmjs.org/es-toolkit/-/es-toolkit-1.41.0.tgz. Extracting by manifest.
259 silly tarball no local data for tiny-invariant@https://registry.npmjs.org/tiny-invariant/-/tiny-invariant-1.3.3.tgz. Extracting by manifest.
260 silly tarball no local data for react-is@https://registry.npmjs.org/react-is/-/react-is-19.2.0.tgz. Extracting by manifest.
261 silly tarball no local data for @reduxjs/toolkit@https://registry.npmjs.org/@reduxjs/toolkit/-/toolkit-2.9.2.tgz. Extracting by manifest.
262 silly tarball no local data for redux-thunk@https://registry.npmjs.org/redux-thunk/-/redux-thunk-3.1.0.tgz. Extracting by manifest.
263 silly tarball no local data for decimal.js-light@https://registry.npmjs.org/decimal.js-light/-/decimal.js-light-2.5.1.tgz. Extracting by manifest.
264 silly tarball no local data for react-redux@https://registry.npmjs.org/react-redux/-/react-redux-9.2.0.tgz. Extracting by manifest.
265 silly tarball no local data for @types/use-sync-external-store@https://registry.npmjs.org/@types/use-sync-external-store/-/use-sync-external-store-0.0.6.tgz. Extracting by manifest.
266 silly tarball no local data for @types/d3-ease@https://registry.npmjs.org/@types/d3-ease/-/d3-ease-3.0.2.tgz. Extracting by manifest.
267 silly tarball no local data for recharts@https://registry.npmjs.org/recharts/-/recharts-3.3.0.tgz. Extracting by manifest.
268 http fetch GET 200 https://registry.npmjs.org/d3-format/-/d3-format-3.1.0.tgz 77ms (cache miss)
269 http fetch GET 200 https://registry.npmjs.org/d3-path/-/d3-path-3.1.0.tgz 77ms (cache miss)
270 timing reifyNode:node_modules/d3-path Completed in 120ms
271 http fetch GET 200 https://registry.npmjs.org/d3-timer/-/d3-timer-3.0.1.tgz 77ms (cache miss)
272 timing reifyNode:node_modules/d3-timer Completed in 119ms
273 http fetch GET 200 https://registry.npmjs.org/internmap/-/internmap-2.0.3.tgz 77ms (cache miss)
274 timing reifyNode:node_modules/internmap Completed in 120ms
275 http fetch GET 200 https://registry.npmjs.org/d3-color/-/d3-color-3.1.0.tgz 79ms (cache miss)
276 timing reifyNode:node_modules/d3-color Completed in 121ms
277 timing reifyNode:node_modules/d3-format Completed in 125ms
278 http fetch GET 200 https://registry.npmjs.org/@types/d3-path/-/d3-path-3.1.1.tgz 137ms (cache miss)
279 timing reifyNode:node_modules/@types/d3-path Completed in 181ms
280 http fetch GET 200 https://registry.npmjs.org/@types/d3-color/-/d3-color-3.1.3.tgz 156ms (cache miss)
281 timing reifyNode:node_modules/@types/d3-color Completed in 201ms
282 http fetch GET 200 https://registry.npmjs.org/d3-ease/-/d3-ease-3.0.1.tgz 168ms (cache miss)
283 timing reifyNode:node_modules/d3-ease Completed in 217ms
284 http fetch GET 200 https://registry.npmjs.org/d3-time/-/d3-time-3.1.0.tgz 185ms (cache miss)
285 timing reifyNode:node_modules/d3-time Completed in 230ms
286 http fetch GET 200 https://registry.npmjs.org/d3-interpolate/-/d3-interpolate-3.0.1.tgz 183ms (cache miss)
287 timing reifyNode:node_modules/d3-interpolate Completed in 231ms
288 http fetch GET 200 https://registry.npmjs.org/d3-scale/-/d3-scale-4.0.2.tgz 189ms (cache miss)
289 timing reifyNode:node_modules/d3-scale Completed in 238ms
290 http fetch GET 200 https://registry.npmjs.org/d3-shape/-/d3-shape-3.2.0.tgz 208ms (cache miss)
291 timing reifyNode:node_modules/d3-shape Completed in 251ms
292 http fetch GET 200 https://registry.npmjs.org/decimal.js-light/-/decimal.js-light-2.5.1.tgz 216ms (cache miss)
293 timing reifyNode:node_modules/decimal.js-light Completed in 282ms
294 http fetch GET 200 https://registry.npmjs.org/redux/-/redux-5.0.1.tgz 224ms (cache miss)
295 timing reifyNode:node_modules/redux Completed in 286ms
296 http fetch GET 200 https://registry.npmjs.org/redux-thunk/-/redux-thunk-3.1.0.tgz 221ms (cache miss)
297 timing reifyNode:node_modules/redux-thunk Completed in 286ms
298 http fetch GET 200 https://registry.npmjs.org/d3-array/-/d3-array-3.2.4.tgz 230ms (cache miss)
299 timing reifyNode:node_modules/d3-array Completed in 287ms
300 http fetch GET 200 https://registry.npmjs.org/d3-time-format/-/d3-time-format-4.1.0.tgz 250ms (cache miss)
301 timing reifyNode:node_modules/d3-time-format Completed in 302ms
302 http fetch GET 200 https://registry.npmjs.org/tiny-invariant/-/tiny-invariant-1.3.3.tgz 237ms (cache miss)
303 timing reifyNode:node_modules/tiny-invariant Completed in 301ms
304 http fetch GET 200 https://registry.npmjs.org/react-is/-/react-is-19.2.0.tgz 260ms (cache miss)
305 timing reifyNode:node_modules/react-is Completed in 325ms
306 http fetch GET 200 https://registry.npmjs.org/eventemitter3/-/eventemitter3-5.0.1.tgz 269ms (cache miss)
307 timing reifyNode:node_modules/eventemitter3 Completed in 330ms
308 http fetch GET 200 https://registry.npmjs.org/@types/use-sync-external-store/-/use-sync-external-store-0.0.6.tgz 287ms (cache miss)
309 timing reifyNode:node_modules/@types/use-sync-external-store Completed in 354ms
310 http fetch GET 200 https://registry.npmjs.org/@types/d3-timer/-/d3-timer-3.0.2.tgz 305ms (cache miss)
311 timing reifyNode:node_modules/@types/d3-timer Completed in 355ms
312 http fetch GET 200 https://registry.npmjs.org/@types/d3-ease/-/d3-ease-3.0.2.tgz 287ms (cache miss)
313 timing reifyNode:node_modules/@types/d3-ease Completed in 355ms
314 http fetch GET 200 https://registry.npmjs.org/@types/d3-time/-/d3-time-3.0.4.tgz 297ms (cache miss)
315 timing reifyNode:node_modules/@types/d3-time Completed in 355ms
316 http fetch GET 200 https://registry.npmjs.org/@standard-schema/spec/-/spec-1.0.0.tgz 297ms (cache miss)
317 timing reifyNode:node_modules/@standard-schema/spec Completed in 356ms
318 http fetch GET 200 https://registry.npmjs.org/@types/d3-array/-/d3-array-3.2.2.tgz 307ms (cache miss)
319 timing reifyNode:node_modules/@types/d3-array Completed in 359ms
320 http fetch GET 200 https://registry.npmjs.org/@types/d3-interpolate/-/d3-interpolate-3.0.4.tgz 310ms (cache miss)
321 timing reifyNode:node_modules/@types/d3-interpolate Completed in 363ms
322 http fetch GET 200 https://registry.npmjs.org/victory-vendor/-/victory-vendor-37.3.6.tgz 320ms (cache miss)
323 timing reifyNode:node_modules/victory-vendor Completed in 382ms
324 http fetch GET 200 https://registry.npmjs.org/reselect/-/reselect-5.1.1.tgz 322ms (cache miss)
325 timing reifyNode:node_modules/reselect Completed in 385ms
326 http fetch GET 200 https://registry.npmjs.org/@standard-schema/utils/-/utils-0.3.0.tgz 334ms (cache miss)
327 timing reifyNode:node_modules/@standard-schema/utils Completed in 390ms
328 http fetch GET 200 https://registry.npmjs.org/@types/d3-scale/-/d3-scale-4.0.9.tgz 345ms (cache miss)
329 timing reifyNode:node_modules/@types/d3-scale Completed in 395ms
330 http fetch GET 200 https://registry.npmjs.org/@types/d3-shape/-/d3-shape-3.1.7.tgz 350ms (cache miss)
331 timing reifyNode:node_modules/@types/d3-shape Completed in 404ms
332 http fetch GET 200 https://registry.npmjs.org/react-redux/-/react-redux-9.2.0.tgz 342ms (cache miss)
333 timing reifyNode:node_modules/react-redux Completed in 408ms
334 http fetch GET 200 https://registry.npmjs.org/immer/-/immer-10.2.0.tgz 347ms (cache miss)
335 timing reifyNode:node_modules/immer Completed in 409ms
336 http fetch GET 200 https://registry.npmjs.org/recharts/-/recharts-3.3.0.tgz 633ms (cache miss)
337 timing reifyNode:node_modules/recharts Completed in 702ms
338 http fetch GET 200 https://registry.npmjs.org/@reduxjs/toolkit/-/toolkit-2.9.2.tgz 680ms (cache miss)
339 timing reifyNode:node_modules/@reduxjs/toolkit Completed in 745ms
340 http fetch GET 200 https://registry.npmjs.org/es-toolkit/-/es-toolkit-1.41.0.tgz 755ms (cache miss)
341 timing reifyNode:node_modules/es-toolkit Completed in 818ms
342 timing reify:unpack Completed in 823ms
343 timing reify:unretire Completed in 0ms
344 timing build:queue Completed in 1ms
345 timing build:deps Completed in 1ms
346 timing build Completed in 1ms
347 timing reify:build Completed in 1ms
348 timing reify:trash Completed in 1ms
349 timing reify:save Completed in 148ms
350 timing reify Completed in 4473ms
351 silly ADD node_modules/d3-path
352 silly ADD node_modules/d3-time-format
353 silly ADD node_modules/d3-format
354 silly ADD node_modules/d3-color
355 silly ADD node_modules/internmap
356 silly ADD node_modules/@types/d3-path
357 silly ADD node_modules/@types/d3-color
358 silly ADD node_modules/d3-timer
359 silly ADD node_modules/d3-time
360 silly ADD node_modules/d3-shape
361 silly ADD node_modules/d3-scale
362 silly ADD node_modules/d3-interpolate
363 silly ADD node_modules/d3-ease
364 silly ADD node_modules/d3-array
365 silly ADD node_modules/@types/d3-timer
366 silly ADD node_modules/@types/d3-time
367 silly ADD node_modules/@types/d3-shape
368 silly ADD node_modules/@types/d3-scale
369 silly ADD node_modules/@types/d3-interpolate
370 silly ADD node_modules/@types/d3-ease
371 silly ADD node_modules/@types/d3-array
372 silly ADD node_modules/@types/use-sync-external-store
373 silly ADD node_modules/redux-thunk
374 silly ADD node_modules/redux
375 silly ADD node_modules/@standard-schema/utils
376 silly ADD node_modules/@standard-schema/spec
377 silly ADD node_modules/victory-vendor
378 silly ADD node_modules/tiny-invariant
379 silly ADD node_modules/reselect
380 silly ADD node_modules/react-redux
381 silly ADD node_modules/immer
382 silly ADD node_modules/eventemitter3
383 silly ADD node_modules/es-toolkit
384 silly ADD node_modules/decimal.js-light
385 silly ADD node_modules/@reduxjs/toolkit
386 silly ADD node_modules/react-is
387 silly ADD node_modules/recharts
388 silly ADD
389 silly ADD
390 silly ADD
391 silly ADD
392 silly ADD
393 silly ADD
394 silly ADD
395 silly ADD
396 timing command:install Completed in 4477ms
397 verbose exit 0
398 timing npm Completed in 4613ms
399 info ok
