0 verbose cli /Users/dimakulikov/Library/Application Support/Herd/config/nvm/versions/node/v18.20.0/bin/node /Users/dimakulikov/Library/Application Support/Herd/config/nvm/versions/node/v18.20.0/bin/npm
1 info using npm@10.5.0
2 info using node@v18.20.0
3 timing npm:load:whichnode Completed in 0ms
4 timing config:load:defaults Completed in 1ms
5 timing config:load:file:/Users/dimakulikov/Library/Application Support/Herd/config/nvm/versions/node/v18.20.0/lib/node_modules/npm/npmrc Completed in 0ms
6 timing config:load:builtin Completed in 0ms
7 timing config:load:cli Completed in 2ms
8 timing config:load:env Completed in 0ms
9 timing config:load:file:/Users/dimakulikov/Desktop/Askcal/.npmrc Completed in 1ms
10 timing config:load:project Completed in 2ms
11 timing config:load:file:/Users/dimakulikov/.npmrc Completed in 0ms
12 timing config:load:user Completed in 1ms
13 timing config:load:file:/Users/dimakulikov/.npm-global/etc/npmrc Completed in 0ms
14 timing config:load:global Completed in 0ms
15 timing config:load:setEnvs Completed in 0ms
16 timing config:load Completed in 6ms
17 timing npm:load:configload Completed in 6ms
18 timing config:load:flatten Completed in 1ms
19 timing npm:load:mkdirpcache Completed in 0ms
20 timing npm:load:mkdirplogs Completed in 0ms
21 verbose title npm install sonner
22 verbose argv "install" "sonner" "--save" "--cache" ".npm-cache" "--no-audit" "--no-fund"
23 timing npm:load:setTitle Completed in 0ms
24 timing npm:load:display Completed in 0ms
25 verbose logfile logs-max:10 dir:/Users/dimakulikov/Desktop/Askcal/.npm-cache/_logs/2025-10-31T10_11_18_996Z-
26 verbose logfile /Users/dimakulikov/Desktop/Askcal/.npm-cache/_logs/2025-10-31T10_11_18_996Z-debug-0.log
27 timing npm:load:logFile Completed in 4ms
28 timing npm:load:timers Completed in 0ms
29 timing npm:load:configScope Completed in 0ms
30 timing npm:load Completed in 18ms
31 timing arborist:ctor Completed in 0ms
32 silly logfile done cleaning log files
33 timing idealTree:init Completed in 42ms
34 timing idealTree:userRequests Completed in 1ms
35 silly idealTree buildDeps
36 silly fetch manifest sonner@*
37 timing arborist:ctor Completed in 0ms
38 http fetch GET 200 https://registry.npmjs.org/sonner 181ms (cache miss)
39 silly fetch manifest react@18.3.1
40 http fetch GET 200 https://registry.npmjs.org/react 12ms (cache hit)
41 silly fetch manifest react-dom@18.3.1
42 http fetch GET 200 https://registry.npmjs.org/react-dom 214ms (cache miss)
43 silly placeDep ROOT sonner@2.0.7 OK for:  want: *
44 timing idealTree:#root Completed in 485ms
45 timing idealTree:node_modules/sonner Completed in 0ms
46 timing idealTree:buildDeps Completed in 485ms
47 timing idealTree:fixDepFlags Completed in 1ms
48 timing idealTree Completed in 532ms
49 timing reify:loadTrees Completed in 532ms
50 timing reify:diffTrees Completed in 6ms
51 silly reify moves {}
52 timing reify:retireShallow Completed in 1ms
53 timing reify:createSparse Completed in 4ms
54 timing reify:loadBundles Completed in 0ms
55 verbose reify failed optional dependency /Users/dimakulikov/Desktop/Askcal/node_modules/@next/swc-win32-x64-msvc
56 silly reify mark deleted [
56 silly reify   '/Users/dimakulikov/Desktop/Askcal/node_modules/@next/swc-win32-x64-msvc'
56 silly reify ]
57 verbose reify failed optional dependency /Users/dimakulikov/Desktop/Askcal/node_modules/@next/swc-win32-ia32-msvc
58 silly reify mark deleted [
58 silly reify   '/Users/dimakulikov/Desktop/Askcal/node_modules/@next/swc-win32-ia32-msvc'
58 silly reify ]
59 verbose reify failed optional dependency /Users/dimakulikov/Desktop/Askcal/node_modules/@next/swc-win32-arm64-msvc
60 silly reify mark deleted [
60 silly reify   '/Users/dimakulikov/Desktop/Askcal/node_modules/@next/swc-win32-arm64-msvc'
60 silly reify ]
61 verbose reify failed optional dependency /Users/dimakulikov/Desktop/Askcal/node_modules/@next/swc-linux-x64-musl
62 silly reify mark deleted [
62 silly reify   '/Users/dimakulikov/Desktop/Askcal/node_modules/@next/swc-linux-x64-musl'
62 silly reify ]
63 verbose reify failed optional dependency /Users/dimakulikov/Desktop/Askcal/node_modules/@next/swc-linux-x64-gnu
64 silly reify mark deleted [
64 silly reify   '/Users/dimakulikov/Desktop/Askcal/node_modules/@next/swc-linux-x64-gnu'
64 silly reify ]
65 verbose reify failed optional dependency /Users/dimakulikov/Desktop/Askcal/node_modules/@next/swc-linux-arm64-musl
66 silly reify mark deleted [
66 silly reify   '/Users/dimakulikov/Desktop/Askcal/node_modules/@next/swc-linux-arm64-musl'
66 silly reify ]
67 verbose reify failed optional dependency /Users/dimakulikov/Desktop/Askcal/node_modules/@next/swc-linux-arm64-gnu
68 silly reify mark deleted [
68 silly reify   '/Users/dimakulikov/Desktop/Askcal/node_modules/@next/swc-linux-arm64-gnu'
68 silly reify ]
69 verbose reify failed optional dependency /Users/dimakulikov/Desktop/Askcal/node_modules/@next/swc-darwin-x64
70 silly reify mark deleted [
70 silly reify   '/Users/dimakulikov/Desktop/Askcal/node_modules/@next/swc-darwin-x64'
70 silly reify ]
71 timing reifyNode:node_modules/@next/swc-win32-x64-msvc Completed in 2ms
72 timing reifyNode:node_modules/@next/swc-win32-ia32-msvc Completed in 2ms
73 timing reifyNode:node_modules/@next/swc-win32-arm64-msvc Completed in 2ms
74 timing reifyNode:node_modules/@next/swc-linux-x64-musl Completed in 2ms
75 timing reifyNode:node_modules/@next/swc-linux-x64-gnu Completed in 2ms
76 timing reifyNode:node_modules/@next/swc-linux-arm64-musl Completed in 2ms
77 timing reifyNode:node_modules/@next/swc-linux-arm64-gnu Completed in 2ms
78 timing reifyNode:node_modules/@next/swc-darwin-x64 Completed in 2ms
79 silly tarball no local data for sonner@https://registry.npmjs.org/sonner/-/sonner-2.0.7.tgz. Extracting by manifest.
80 http fetch GET 200 https://registry.npmjs.org/sonner/-/sonner-2.0.7.tgz 38ms (cache miss)
81 timing reifyNode:node_modules/sonner Completed in 41ms
82 timing reify:unpack Completed in 41ms
83 timing reify:unretire Completed in 0ms
84 timing build:queue Completed in 1ms
85 timing build:deps Completed in 1ms
86 timing build Completed in 1ms
87 timing reify:build Completed in 1ms
88 timing reify:trash Completed in 0ms
89 timing reify:save Completed in 40ms
90 timing reify Completed in 649ms
91 silly ADD node_modules/sonner
92 silly ADD
93 silly ADD
94 silly ADD
95 silly ADD
96 silly ADD
97 silly ADD
98 silly ADD
99 silly ADD
100 timing command:install Completed in 655ms
101 verbose exit 0
102 timing npm Completed in 801ms
103 info ok
