0 verbose cli /Users/dimakulikov/Library/Application Support/Herd/config/nvm/versions/node/v18.20.0/bin/node /Users/dimakulikov/Library/Application Support/Herd/config/nvm/versions/node/v18.20.0/bin/npm
1 info using npm@10.5.0
2 info using node@v18.20.0
3 timing npm:load:whichnode Completed in 0ms
4 timing config:load:defaults Completed in 0ms
5 timing config:load:file:/Users/dimakulikov/Library/Application Support/Herd/config/nvm/versions/node/v18.20.0/lib/node_modules/npm/npmrc Completed in 1ms
6 timing config:load:builtin Completed in 1ms
7 timing config:load:cli Completed in 1ms
8 timing config:load:env Completed in 0ms
9 timing config:load:file:/Users/dimakulikov/Desktop/Askcal/.npmrc Completed in 0ms
10 timing config:load:project Completed in 2ms
11 timing config:load:file:/Users/dimakulikov/.npmrc Completed in 0ms
12 timing config:load:user Completed in 1ms
13 timing config:load:file:/Users/dimakulikov/.npm-global/etc/npmrc Completed in 0ms
14 timing config:load:global Completed in 0ms
15 timing config:load:setEnvs Completed in 0ms
16 timing config:load Completed in 5ms
17 timing npm:load:configload Completed in 6ms
18 timing config:load:flatten Completed in 1ms
19 timing npm:load:mkdirpcache Completed in 0ms
20 timing npm:load:mkdirplogs Completed in 0ms
21 verbose title npm install embla-carousel-react
22 verbose argv "install" "embla-carousel-react" "--save" "--cache" ".npm-cache" "--no-audit" "--no-fund"
23 timing npm:load:setTitle Completed in 1ms
24 timing npm:load:display Completed in 0ms
25 verbose logfile logs-max:10 dir:/Users/dimakulikov/Desktop/Askcal/.npm-cache/_logs/2025-10-31T10_19_35_866Z-
26 verbose logfile /Users/dimakulikov/Desktop/Askcal/.npm-cache/_logs/2025-10-31T10_19_35_866Z-debug-0.log
27 timing npm:load:logFile Completed in 4ms
28 timing npm:load:timers Completed in 0ms
29 timing npm:load:configScope Completed in 0ms
30 timing npm:load Completed in 17ms
31 timing arborist:ctor Completed in 0ms
32 silly logfile done cleaning log files
33 timing idealTree:init Completed in 118ms
34 timing idealTree:userRequests Completed in 1ms
35 silly idealTree buildDeps
36 silly fetch manifest embla-carousel-react@*
37 timing arborist:ctor Completed in 0ms
38 http fetch GET 200 https://registry.npmjs.org/embla-carousel-react 169ms (cache miss)
39 silly fetch manifest react@18.3.1
40 http fetch GET 200 https://registry.npmjs.org/react 11ms (cache hit)
41 silly placeDep ROOT embla-carousel-react@8.6.0 OK for:  want: *
42 silly fetch manifest embla-carousel@8.6.0
43 silly fetch manifest embla-carousel-reactive-utils@8.6.0
44 http fetch GET 200 https://registry.npmjs.org/embla-carousel-reactive-utils 160ms (cache miss)
45 http fetch GET 200 https://registry.npmjs.org/embla-carousel 301ms (cache miss)
46 timing idealTree:#root Completed in 513ms
47 silly placeDep ROOT embla-carousel@8.6.0 OK for: embla-carousel-react@8.6.0 want: 8.6.0
48 silly placeDep ROOT embla-carousel-reactive-utils@8.6.0 OK for: embla-carousel-react@8.6.0 want: 8.6.0
49 timing idealTree:node_modules/embla-carousel-react Completed in 3ms
50 timing idealTree:node_modules/embla-carousel Completed in 0ms
51 timing idealTree:node_modules/embla-carousel-reactive-utils Completed in 0ms
52 timing idealTree:buildDeps Completed in 517ms
53 timing idealTree:fixDepFlags Completed in 4ms
54 timing idealTree Completed in 643ms
55 timing reify:loadTrees Completed in 644ms
56 timing reify:diffTrees Completed in 4ms
57 silly reify moves {}
58 timing reify:retireShallow Completed in 0ms
59 timing reify:createSparse Completed in 2ms
60 timing reify:loadBundles Completed in 0ms
61 verbose reify failed optional dependency /Users/dimakulikov/Desktop/Askcal/node_modules/@next/swc-win32-x64-msvc
62 silly reify mark deleted [
62 silly reify   '/Users/dimakulikov/Desktop/Askcal/node_modules/@next/swc-win32-x64-msvc'
62 silly reify ]
63 verbose reify failed optional dependency /Users/dimakulikov/Desktop/Askcal/node_modules/@next/swc-win32-ia32-msvc
64 silly reify mark deleted [
64 silly reify   '/Users/dimakulikov/Desktop/Askcal/node_modules/@next/swc-win32-ia32-msvc'
64 silly reify ]
65 verbose reify failed optional dependency /Users/dimakulikov/Desktop/Askcal/node_modules/@next/swc-win32-arm64-msvc
66 silly reify mark deleted [
66 silly reify   '/Users/dimakulikov/Desktop/Askcal/node_modules/@next/swc-win32-arm64-msvc'
66 silly reify ]
67 verbose reify failed optional dependency /Users/dimakulikov/Desktop/Askcal/node_modules/@next/swc-linux-x64-musl
68 silly reify mark deleted [
68 silly reify   '/Users/dimakulikov/Desktop/Askcal/node_modules/@next/swc-linux-x64-musl'
68 silly reify ]
69 verbose reify failed optional dependency /Users/dimakulikov/Desktop/Askcal/node_modules/@next/swc-linux-x64-gnu
70 silly reify mark deleted [
70 silly reify   '/Users/dimakulikov/Desktop/Askcal/node_modules/@next/swc-linux-x64-gnu'
70 silly reify ]
71 verbose reify failed optional dependency /Users/dimakulikov/Desktop/Askcal/node_modules/@next/swc-linux-arm64-musl
72 silly reify mark deleted [
72 silly reify   '/Users/dimakulikov/Desktop/Askcal/node_modules/@next/swc-linux-arm64-musl'
72 silly reify ]
73 verbose reify failed optional dependency /Users/dimakulikov/Desktop/Askcal/node_modules/@next/swc-linux-arm64-gnu
74 silly reify mark deleted [
74 silly reify   '/Users/dimakulikov/Desktop/Askcal/node_modules/@next/swc-linux-arm64-gnu'
74 silly reify ]
75 verbose reify failed optional dependency /Users/dimakulikov/Desktop/Askcal/node_modules/@next/swc-darwin-x64
76 silly reify mark deleted [
76 silly reify   '/Users/dimakulikov/Desktop/Askcal/node_modules/@next/swc-darwin-x64'
76 silly reify ]
77 timing reifyNode:node_modules/@next/swc-win32-x64-msvc Completed in 4ms
78 timing reifyNode:node_modules/@next/swc-win32-ia32-msvc Completed in 4ms
79 timing reifyNode:node_modules/@next/swc-win32-arm64-msvc Completed in 3ms
80 timing reifyNode:node_modules/@next/swc-linux-x64-musl Completed in 3ms
81 timing reifyNode:node_modules/@next/swc-linux-x64-gnu Completed in 3ms
82 timing reifyNode:node_modules/@next/swc-linux-arm64-musl Completed in 3ms
83 timing reifyNode:node_modules/@next/swc-linux-arm64-gnu Completed in 3ms
84 timing reifyNode:node_modules/@next/swc-darwin-x64 Completed in 3ms
85 silly tarball no local data for embla-carousel@https://registry.npmjs.org/embla-carousel/-/embla-carousel-8.6.0.tgz. Extracting by manifest.
86 silly tarball no local data for embla-carousel-react@https://registry.npmjs.org/embla-carousel-react/-/embla-carousel-react-8.6.0.tgz. Extracting by manifest.
87 silly tarball no local data for embla-carousel-reactive-utils@https://registry.npmjs.org/embla-carousel-reactive-utils/-/embla-carousel-reactive-utils-8.6.0.tgz. Extracting by manifest.
88 http fetch GET 200 https://registry.npmjs.org/embla-carousel-react/-/embla-carousel-react-8.6.0.tgz 43ms (cache miss)
89 timing reifyNode:node_modules/embla-carousel-react Completed in 49ms
90 http fetch GET 200 https://registry.npmjs.org/embla-carousel/-/embla-carousel-8.6.0.tgz 55ms (cache miss)
91 timing reifyNode:node_modules/embla-carousel Completed in 60ms
92 http fetch GET 200 https://registry.npmjs.org/embla-carousel-reactive-utils/-/embla-carousel-reactive-utils-8.6.0.tgz 70ms (cache miss)
93 timing reifyNode:node_modules/embla-carousel-reactive-utils Completed in 76ms
94 timing reify:unpack Completed in 76ms
95 timing reify:unretire Completed in 0ms
96 timing build:queue Completed in 1ms
97 timing build:deps Completed in 1ms
98 timing build Completed in 1ms
99 timing reify:build Completed in 1ms
100 timing reify:trash Completed in 0ms
101 timing reify:save Completed in 93ms
102 timing reify Completed in 904ms
103 silly ADD node_modules/embla-carousel-reactive-utils
104 silly ADD node_modules/embla-carousel
105 silly ADD node_modules/embla-carousel-react
106 silly ADD
107 silly ADD
108 silly ADD
109 silly ADD
110 silly ADD
111 silly ADD
112 silly ADD
113 silly ADD
114 timing command:install Completed in 906ms
115 verbose exit 0
116 timing npm Completed in 1035ms
117 info ok
